This file contains any messages produced by compilers while
running configure, to aid debugging if configure makes a mistake.

It was created by SmartPublicLight configure 2.0.1, which was
generated by GNU Autoconf 2.69.  Invocation command line was

  $ ../configure --prefix=/opt/icdrec/spl --no-create --no-recursion

## --------- ##
## Platform. ##
## --------- ##

hostname = debian
uname -m = x86_64
uname -r = 3.16.0-4-amd64
uname -s = Linux
uname -v = #1 SMP Debian 3.16.36-1+deb8u1 (2016-09-03)

/usr/bin/uname -p = unknown
/bin/uname -X     = unknown

/bin/arch              = unknown
/usr/bin/arch -k       = unknown
/usr/convex/getsysinfo = unknown
/usr/bin/hostinfo      = unknown
/bin/machine           = unknown
/usr/bin/oslevel       = unknown
/bin/universe          = unknown

PATH: /usr/local/bin
PATH: /usr/bin
PATH: /bin
PATH: /usr/local/games
PATH: /usr/games
PATH: /usr/lib/jvm/jdk1.8.0_101/jre/bin
PATH: /bin
PATH: /bin
PATH: /sbin/
PATH: /usr/bin/
PATH: /usr/sbin


## ----------- ##
## Core tests. ##
## ----------- ##

configure:2567: checking for a BSD-compatible install
configure:2635: result: /usr/bin/install -c
configure:2646: checking whether build environment is sane
configure:2701: result: yes
configure:2739: WARNING: 'missing' script is too old or missing
configure:2852: checking for a thread-safe mkdir -p
configure:2891: result: /bin/mkdir -p
configure:2898: checking for gawk
configure:2914: found /usr/bin/gawk
configure:2925: result: gawk
configure:2936: checking whether make sets $(MAKE)
configure:2958: result: yes
configure:2987: checking whether make supports nested variables
configure:3004: result: yes
configure:3144: checking whether make supports nested variables
configure:3161: result: yes
configure:3188: checking for style of include used by make
configure:3216: result: GNU
configure:3287: checking for gcc
configure:3303: found /usr/bin/gcc
configure:3314: result: gcc
configure:3543: checking for C compiler version
configure:3552: gcc --version >&5
gcc (Debian 4.9.2-10) 4.9.2
Copyright (C) 2014 Free Software Foundation, Inc.
This is free software; see the source for copying conditions.  There is NO
warranty; not even for MERCHANTABILITY or FITNESS FOR A PARTICULAR PURPOSE.

configure:3563: $? = 0
configure:3552: gcc -v >&5
Using built-in specs.
COLLECT_GCC=gcc
COLLECT_LTO_WRAPPER=/usr/lib/gcc/x86_64-linux-gnu/4.9/lto-wrapper
Target: x86_64-linux-gnu
Configured with: ../src/configure -v --with-pkgversion='Debian 4.9.2-10' --with-bugurl=file:///usr/share/doc/gcc-4.9/README.Bugs --enable-languages=c,c++,java,go,d,fortran,objc,obj-c++ --prefix=/usr --program-suffix=-4.9 --enable-shared --enable-linker-build-id --libexecdir=/usr/lib --without-included-gettext --enable-threads=posix --with-gxx-include-dir=/usr/include/c++/4.9 --libdir=/usr/lib --enable-nls --with-sysroot=/ --enable-clocale=gnu --enable-libstdcxx-debug --enable-libstdcxx-time=yes --enable-gnu-unique-object --disable-vtable-verify --enable-plugin --with-system-zlib --disable-browser-plugin --enable-java-awt=gtk --enable-gtk-cairo --with-java-home=/usr/lib/jvm/java-1.5.0-gcj-4.9-amd64/jre --enable-java-home --with-jvm-root-dir=/usr/lib/jvm/java-1.5.0-gcj-4.9-amd64 --with-jvm-jar-dir=/usr/lib/jvm-exports/java-1.5.0-gcj-4.9-amd64 --with-arch-directory=amd64 --with-ecj-jar=/usr/share/java/eclipse-ecj.jar --enable-objc-gc --enable-multiarch --with-arch-32=i586 --with-abi=m64 --with-multilib-list=m32,m64,mx32 --enable-multilib --with-tune=generic --enable-checking=release --build=x86_64-linux-gnu --host=x86_64-linux-gnu --target=x86_64-linux-gnu
Thread model: posix
gcc version 4.9.2 (Debian 4.9.2-10) 
configure:3563: $? = 0
configure:3552: gcc -V >&5
gcc: error: unrecognized command line option '-V'
gcc: fatal error: no input files
compilation terminated.
configure:3563: $? = 4
configure:3552: gcc -qversion >&5
gcc: error: unrecognized command line option '-qversion'
gcc: fatal error: no input files
compilation terminated.
configure:3563: $? = 4
configure:3583: checking whether the C compiler works
configure:3605: gcc    conftest.c  >&5
configure:3609: $? = 0
configure:3657: result: yes
configure:3660: checking for C compiler default output file name
configure:3662: result: a.out
configure:3668: checking for suffix of executables
configure:3675: gcc -o conftest    conftest.c  >&5
configure:3679: $? = 0
configure:3701: result: 
configure:3723: checking whether we are cross compiling
configure:3731: gcc -o conftest    conftest.c  >&5
configure:3735: $? = 0
configure:3742: ./conftest
configure:3746: $? = 0
configure:3761: result: no
configure:3766: checking for suffix of object files
configure:3788: gcc -c   conftest.c >&5
configure:3792: $? = 0
configure:3813: result: o
configure:3817: checking whether we are using the GNU C compiler
configure:3836: gcc -c   conftest.c >&5
configure:3836: $? = 0
configure:3845: result: yes
configure:3854: checking whether gcc accepts -g
configure:3874: gcc -c -g  conftest.c >&5
configure:3874: $? = 0
configure:3915: result: yes
configure:3932: checking for gcc option to accept ISO C89
configure:3995: gcc  -c -g -O2  conftest.c >&5
configure:3995: $? = 0
configure:4008: result: none needed
configure:4033: checking whether gcc understands -c and -o together
configure:4055: gcc -c conftest.c -o conftest2.o
configure:4058: $? = 0
configure:4055: gcc -c conftest.c -o conftest2.o
configure:4058: $? = 0
configure:4070: result: yes
configure:4089: checking dependency style of gcc
configure:4200: result: gcc3
configure:4221: checking how to run the C preprocessor
configure:4252: gcc -E  conftest.c
configure:4252: $? = 0
configure:4266: gcc -E  conftest.c
conftest.c:11:28: fatal error: ac_nonexistent.h: No such file or directory
 #include <ac_nonexistent.h>
                            ^
compilation terminated.
configure:4266: $? = 1
configure: failed program was:
| /* confdefs.h */
| #define PACKAGE_NAME "SmartPublicLight"
| #define PACKAGE_TARNAME "smartpubliclight"
| #define PACKAGE_VERSION "2.0.1"
| #define PACKAGE_STRING "SmartPublicLight 2.0.1"
| #define PACKAGE_BUGREPORT ""
| #define PACKAGE_URL ""
| #define PACKAGE "smartpubliclight"
| #define VERSION "2.0.1"
| /* end confdefs.h.  */
| #include <ac_nonexistent.h>
configure:4291: result: gcc -E
configure:4311: gcc -E  conftest.c
configure:4311: $? = 0
configure:4325: gcc -E  conftest.c
conftest.c:11:28: fatal error: ac_nonexistent.h: No such file or directory
 #include <ac_nonexistent.h>
                            ^
compilation terminated.
configure:4325: $? = 1
configure: failed program was:
| /* confdefs.h */
| #define PACKAGE_NAME "SmartPublicLight"
| #define PACKAGE_TARNAME "smartpubliclight"
| #define PACKAGE_VERSION "2.0.1"
| #define PACKAGE_STRING "SmartPublicLight 2.0.1"
| #define PACKAGE_BUGREPORT ""
| #define PACKAGE_URL ""
| #define PACKAGE "smartpubliclight"
| #define VERSION "2.0.1"
| /* end confdefs.h.  */
| #include <ac_nonexistent.h>
configure:4354: checking for grep that handles long lines and -e
configure:4412: result: /bin/grep
configure:4417: checking for egrep
configure:4479: result: /bin/grep -E
configure:4484: checking for ANSI C header files
configure:4504: gcc -c -g -O2  conftest.c >&5
configure:4504: $? = 0
configure:4577: gcc -o conftest -g -O2   conftest.c  >&5
configure:4577: $? = 0
configure:4577: ./conftest
configure:4577: $? = 0
configure:4588: result: yes
configure:4601: checking for sys/types.h
configure:4601: gcc -c -g -O2  conftest.c >&5
configure:4601: $? = 0
configure:4601: result: yes
configure:4601: checking for sys/stat.h
configure:4601: gcc -c -g -O2  conftest.c >&5
configure:4601: $? = 0
configure:4601: result: yes
configure:4601: checking for stdlib.h
configure:4601: gcc -c -g -O2  conftest.c >&5
configure:4601: $? = 0
configure:4601: result: yes
configure:4601: checking for string.h
configure:4601: gcc -c -g -O2  conftest.c >&5
configure:4601: $? = 0
configure:4601: result: yes
configure:4601: checking for memory.h
configure:4601: gcc -c -g -O2  conftest.c >&5
configure:4601: $? = 0
configure:4601: result: yes
configure:4601: checking for strings.h
configure:4601: gcc -c -g -O2  conftest.c >&5
configure:4601: $? = 0
configure:4601: result: yes
configure:4601: checking for inttypes.h
configure:4601: gcc -c -g -O2  conftest.c >&5
configure:4601: $? = 0
configure:4601: result: yes
configure:4601: checking for stdint.h
configure:4601: gcc -c -g -O2  conftest.c >&5
configure:4601: $? = 0
configure:4601: result: yes
configure:4601: checking for unistd.h
configure:4601: gcc -c -g -O2  conftest.c >&5
configure:4601: $? = 0
configure:4601: result: yes
configure:4614: checking minix/config.h usability
configure:4614: gcc -c -g -O2  conftest.c >&5
conftest.c:54:26: fatal error: minix/config.h: No such file or directory
 #include <minix/config.h>
                          ^
compilation terminated.
configure:4614: $? = 1
configure: failed program was:
| /* confdefs.h */
| #define PACKAGE_NAME "SmartPublicLight"
| #define PACKAGE_TARNAME "smartpubliclight"
| #define PACKAGE_VERSION "2.0.1"
| #define PACKAGE_STRING "SmartPublicLight 2.0.1"
| #define PACKAGE_BUGREPORT ""
| #define PACKAGE_URL ""
| #define PACKAGE "smartpubliclight"
| #define VERSION "2.0.1"
| #define STDC_HEADERS 1
| #define HAVE_SYS_TYPES_H 1
| #define HAVE_SYS_STAT_H 1
| #define HAVE_STDLIB_H 1
| #define HAVE_STRING_H 1
| #define HAVE_MEMORY_H 1
| #define HAVE_STRINGS_H 1
| #define HAVE_INTTYPES_H 1
| #define HAVE_STDINT_H 1
| #define HAVE_UNISTD_H 1
| /* end confdefs.h.  */
| #include <stdio.h>
| #ifdef HAVE_SYS_TYPES_H
| # include <sys/types.h>
| #endif
| #ifdef HAVE_SYS_STAT_H
| # include <sys/stat.h>
| #endif
| #ifdef STDC_HEADERS
| # include <stdlib.h>
| # include <stddef.h>
| #else
| # ifdef HAVE_STDLIB_H
| #  include <stdlib.h>
| # endif
| #endif
| #ifdef HAVE_STRING_H
| # if !defined STDC_HEADERS && defined HAVE_MEMORY_H
| #  include <memory.h>
| # endif
| # include <string.h>
| #endif
| #ifdef HAVE_STRINGS_H
| # include <strings.h>
| #endif
| #ifdef HAVE_INTTYPES_H
| # include <inttypes.h>
| #endif
| #ifdef HAVE_STDINT_H
| # include <stdint.h>
| #endif
| #ifdef HAVE_UNISTD_H
| # include <unistd.h>
| #endif
| #include <minix/config.h>
configure:4614: result: no
configure:4614: checking minix/config.h presence
configure:4614: gcc -E  conftest.c
conftest.c:21:26: fatal error: minix/config.h: No such file or directory
 #include <minix/config.h>
                          ^
compilation terminated.
configure:4614: $? = 1
configure: failed program was:
| /* confdefs.h */
| #define PACKAGE_NAME "SmartPublicLight"
| #define PACKAGE_TARNAME "smartpubliclight"
| #define PACKAGE_VERSION "2.0.1"
| #define PACKAGE_STRING "SmartPublicLight 2.0.1"
| #define PACKAGE_BUGREPORT ""
| #define PACKAGE_URL ""
| #define PACKAGE "smartpubliclight"
| #define VERSION "2.0.1"
| #define STDC_HEADERS 1
| #define HAVE_SYS_TYPES_H 1
| #define HAVE_SYS_STAT_H 1
| #define HAVE_STDLIB_H 1
| #define HAVE_STRING_H 1
| #define HAVE_MEMORY_H 1
| #define HAVE_STRINGS_H 1
| #define HAVE_INTTYPES_H 1
| #define HAVE_STDINT_H 1
| #define HAVE_UNISTD_H 1
| /* end confdefs.h.  */
| #include <minix/config.h>
configure:4614: result: no
configure:4614: checking for minix/config.h
configure:4614: result: no
configure:4635: checking whether it is safe to define __EXTENSIONS__
configure:4653: gcc -c -g -O2  conftest.c >&5
configure:4653: $? = 0
configure:4660: result: yes
configure:4726: checking for gcc
configure:4753: result: gcc
configure:4982: checking for C compiler version
configure:4991: gcc --version >&5
gcc (Debian 4.9.2-10) 4.9.2
Copyright (C) 2014 Free Software Foundation, Inc.
This is free software; see the source for copying conditions.  There is NO
warranty; not even for MERCHANTABILITY or FITNESS FOR A PARTICULAR PURPOSE.

configure:5002: $? = 0
configure:4991: gcc -v >&5
Using built-in specs.
COLLECT_GCC=gcc
COLLECT_LTO_WRAPPER=/usr/lib/gcc/x86_64-linux-gnu/4.9/lto-wrapper
Target: x86_64-linux-gnu
Configured with: ../src/configure -v --with-pkgversion='Debian 4.9.2-10' --with-bugurl=file:///usr/share/doc/gcc-4.9/README.Bugs --enable-languages=c,c++,java,go,d,fortran,objc,obj-c++ --prefix=/usr --program-suffix=-4.9 --enable-shared --enable-linker-build-id --libexecdir=/usr/lib --without-included-gettext --enable-threads=posix --with-gxx-include-dir=/usr/include/c++/4.9 --libdir=/usr/lib --enable-nls --with-sysroot=/ --enable-clocale=gnu --enable-libstdcxx-debug --enable-libstdcxx-time=yes --enable-gnu-unique-object --disable-vtable-verify --enable-plugin --with-system-zlib --disable-browser-plugin --enable-java-awt=gtk --enable-gtk-cairo --with-java-home=/usr/lib/jvm/java-1.5.0-gcj-4.9-amd64/jre --enable-java-home --with-jvm-root-dir=/usr/lib/jvm/java-1.5.0-gcj-4.9-amd64 --with-jvm-jar-dir=/usr/lib/jvm-exports/java-1.5.0-gcj-4.9-amd64 --with-arch-directory=amd64 --with-ecj-jar=/usr/share/java/eclipse-ecj.jar --enable-objc-gc --enable-multiarch --with-arch-32=i586 --with-abi=m64 --with-multilib-list=m32,m64,mx32 --enable-multilib --with-tune=generic --enable-checking=release --build=x86_64-linux-gnu --host=x86_64-linux-gnu --target=x86_64-linux-gnu
Thread model: posix
gcc version 4.9.2 (Debian 4.9.2-10) 
configure:5002: $? = 0
configure:4991: gcc -V >&5
gcc: error: unrecognized command line option '-V'
gcc: fatal error: no input files
compilation terminated.
configure:5002: $? = 4
configure:4991: gcc -qversion >&5
gcc: error: unrecognized command line option '-qversion'
gcc: fatal error: no input files
compilation terminated.
configure:5002: $? = 4
configure:5006: checking whether we are using the GNU C compiler
configure:5034: result: yes
configure:5043: checking whether gcc accepts -g
configure:5104: result: yes
configure:5121: checking for gcc option to accept ISO C89
configure:5197: result: none needed
configure:5222: checking whether gcc understands -c and -o together
configure:5259: result: yes
configure:5278: checking dependency style of gcc
configure:5389: result: gcc3
configure:5463: checking for g++
configure:5479: found /usr/bin/g++
configure:5490: result: g++
configure:5517: checking for C++ compiler version
configure:5526: g++ --version >&5
g++ (Debian 4.9.2-10) 4.9.2
Copyright (C) 2014 Free Software Foundation, Inc.
This is free software; see the source for copying conditions.  There is NO
warranty; not even for MERCHANTABILITY or FITNESS FOR A PARTICULAR PURPOSE.

configure:5537: $? = 0
configure:5526: g++ -v >&5
Using built-in specs.
COLLECT_GCC=g++
COLLECT_LTO_WRAPPER=/usr/lib/gcc/x86_64-linux-gnu/4.9/lto-wrapper
Target: x86_64-linux-gnu
Configured with: ../src/configure -v --with-pkgversion='Debian 4.9.2-10' --with-bugurl=file:///usr/share/doc/gcc-4.9/README.Bugs --enable-languages=c,c++,java,go,d,fortran,objc,obj-c++ --prefix=/usr --program-suffix=-4.9 --enable-shared --enable-linker-build-id --libexecdir=/usr/lib --without-included-gettext --enable-threads=posix --with-gxx-include-dir=/usr/include/c++/4.9 --libdir=/usr/lib --enable-nls --with-sysroot=/ --enable-clocale=gnu --enable-libstdcxx-debug --enable-libstdcxx-time=yes --enable-gnu-unique-object --disable-vtable-verify --enable-plugin --with-system-zlib --disable-browser-plugin --enable-java-awt=gtk --enable-gtk-cairo --with-java-home=/usr/lib/jvm/java-1.5.0-gcj-4.9-amd64/jre --enable-java-home --with-jvm-root-dir=/usr/lib/jvm/java-1.5.0-gcj-4.9-amd64 --with-jvm-jar-dir=/usr/lib/jvm-exports/java-1.5.0-gcj-4.9-amd64 --with-arch-directory=amd64 --with-ecj-jar=/usr/share/java/eclipse-ecj.jar --enable-objc-gc --enable-multiarch --with-arch-32=i586 --with-abi=m64 --with-multilib-list=m32,m64,mx32 --enable-multilib --with-tune=generic --enable-checking=release --build=x86_64-linux-gnu --host=x86_64-linux-gnu --target=x86_64-linux-gnu
Thread model: posix
gcc version 4.9.2 (Debian 4.9.2-10) 
configure:5537: $? = 0
configure:5526: g++ -V >&5
g++: error: unrecognized command line option '-V'
g++: fatal error: no input files
compilation terminated.
configure:5537: $? = 4
configure:5526: g++ -qversion >&5
g++: error: unrecognized command line option '-qversion'
g++: fatal error: no input files
compilation terminated.
configure:5537: $? = 4
configure:5541: checking whether we are using the GNU C++ compiler
configure:5560: g++ -c   conftest.cpp >&5
configure:5560: $? = 0
configure:5569: result: yes
configure:5578: checking whether g++ accepts -g
configure:5598: g++ -c -g  conftest.cpp >&5
configure:5598: $? = 0
configure:5639: result: yes
configure:5664: checking dependency style of g++
configure:5775: result: gcc3
configure:5795: checking how to run the C++ preprocessor
configure:5822: g++ -E  conftest.cpp
configure:5822: $? = 0
configure:5836: g++ -E  conftest.cpp
conftest.cpp:26:28: fatal error: ac_nonexistent.h: No such file or directory
 #include <ac_nonexistent.h>
                            ^
compilation terminated.
configure:5836: $? = 1
configure: failed program was:
| /* confdefs.h */
| #define PACKAGE_NAME "SmartPublicLight"
| #define PACKAGE_TARNAME "smartpubliclight"
| #define PACKAGE_VERSION "2.0.1"
| #define PACKAGE_STRING "SmartPublicLight 2.0.1"
| #define PACKAGE_BUGREPORT ""
| #define PACKAGE_URL ""
| #define PACKAGE "smartpubliclight"
| #define VERSION "2.0.1"
| #define STDC_HEADERS 1
| #define HAVE_SYS_TYPES_H 1
| #define HAVE_SYS_STAT_H 1
| #define HAVE_STDLIB_H 1
| #define HAVE_STRING_H 1
| #define HAVE_MEMORY_H 1
| #define HAVE_STRINGS_H 1
| #define HAVE_INTTYPES_H 1
| #define HAVE_STDINT_H 1
| #define HAVE_UNISTD_H 1
| #define __EXTENSIONS__ 1
| #define _ALL_SOURCE 1
| #define _GNU_SOURCE 1
| #define _POSIX_PTHREAD_SEMANTICS 1
| #define _TANDEM_SOURCE 1
| /* end confdefs.h.  */
| #include <ac_nonexistent.h>
configure:5861: result: g++ -E
configure:5881: g++ -E  conftest.cpp
configure:5881: $? = 0
configure:5895: g++ -E  conftest.cpp
conftest.cpp:26:28: fatal error: ac_nonexistent.h: No such file or directory
 #include <ac_nonexistent.h>
                            ^
compilation terminated.
configure:5895: $? = 1
configure: failed program was:
| /* confdefs.h */
| #define PACKAGE_NAME "SmartPublicLight"
| #define PACKAGE_TARNAME "smartpubliclight"
| #define PACKAGE_VERSION "2.0.1"
| #define PACKAGE_STRING "SmartPublicLight 2.0.1"
| #define PACKAGE_BUGREPORT ""
| #define PACKAGE_URL ""
| #define PACKAGE "smartpubliclight"
| #define VERSION "2.0.1"
| #define STDC_HEADERS 1
| #define HAVE_SYS_TYPES_H 1
| #define HAVE_SYS_STAT_H 1
| #define HAVE_STDLIB_H 1
| #define HAVE_STRING_H 1
| #define HAVE_MEMORY_H 1
| #define HAVE_STRINGS_H 1
| #define HAVE_INTTYPES_H 1
| #define HAVE_STDINT_H 1
| #define HAVE_UNISTD_H 1
| #define __EXTENSIONS__ 1
| #define _ALL_SOURCE 1
| #define _GNU_SOURCE 1
| #define _POSIX_PTHREAD_SEMANTICS 1
| #define _TANDEM_SOURCE 1
| /* end confdefs.h.  */
| #include <ac_nonexistent.h>
configure:5928: checking whether g++ understands -c and -o together
configure:5952: g++ -g -O2 -c conftest.cpp -o conftest2.o >&5
configure:5956: $? = 0
configure:5963: g++ -g -O2 -c conftest.cpp -o conftest2.o >&5
configure:5967: $? = 0
configure:5975: result: yes
configure:5996: checking whether ln -s works
configure:6000: result: yes
configure:6008: checking whether NLS is requested
configure:6017: result: yes
configure:6045: checking for intltool-update
configure:6063: found /usr/bin/intltool-update
configure:6075: result: /usr/bin/intltool-update
configure:6085: checking for intltool-merge
configure:6103: found /usr/bin/intltool-merge
configure:6115: result: /usr/bin/intltool-merge
configure:6125: checking for intltool-extract
configure:6143: found /usr/bin/intltool-extract
configure:6155: result: /usr/bin/intltool-extract
configure:6309: checking for xgettext
configure:6327: found /usr/bin/xgettext
configure:6339: result: /usr/bin/xgettext
configure:6349: checking for msgmerge
configure:6367: found /usr/bin/msgmerge
configure:6379: result: /usr/bin/msgmerge
configure:6389: checking for msgfmt
configure:6407: found /usr/bin/msgfmt
configure:6419: result: /usr/bin/msgfmt
configure:6429: checking for gmsgfmt
configure:6460: result: /usr/bin/msgfmt
configure:6480: checking for perl
configure:6498: found /usr/bin/perl
configure:6510: result: /usr/bin/perl
configure:6521: checking for perl >= 5.8.1
configure:6528: result: 5.20.2
configure:6532: checking for XML::Parser
configure:6535: result: ok
configure:6560: gcc -o conftest -g -O2   conftest.c  >&5
configure:6560: $? = 0
configure:6648: checking build system type
configure:6662: result: x86_64-unknown-linux-gnu
configure:6682: checking host system type
configure:6695: result: x86_64-unknown-linux-gnu
configure:6736: checking how to print strings
configure:6763: result: printf
configure:6784: checking for a sed that does not truncate output
configure:6848: result: /bin/sed
configure:6866: checking for fgrep
configure:6928: result: /bin/grep -F
configure:6963: checking for ld used by gcc
configure:7030: result: /usr/bin/ld
configure:7037: checking if the linker (/usr/bin/ld) is GNU ld
configure:7052: result: yes
configure:7064: checking for BSD- or MS-compatible name lister (nm)
configure:7113: result: /usr/bin/nm -B
configure:7243: checking the name lister (/usr/bin/nm -B) interface
configure:7250: gcc -c -g -O2  conftest.c >&5
configure:7253: /usr/bin/nm -B "conftest.o"
configure:7256: output
0000000000000000 B some_variable
configure:7263: result: BSD nm
configure:7267: checking the maximum length of command line arguments
configure:7398: result: 1572864
configure:7415: checking whether the shell understands some XSI constructs
configure:7425: result: yes
configure:7429: checking whether the shell understands "+="
configure:7435: result: yes
configure:7470: checking how to convert x86_64-unknown-linux-gnu file names to x86_64-unknown-linux-gnu format
configure:7510: result: func_convert_file_noop
configure:7517: checking how to convert x86_64-unknown-linux-gnu file names to toolchain format
configure:7537: result: func_convert_file_noop
configure:7544: checking for /usr/bin/ld option to reload object files
configure:7551: result: -r
configure:7625: checking for objdump
configure:7641: found /usr/bin/objdump
configure:7652: result: objdump
configure:7684: checking how to recognize dependent libraries
configure:7882: result: pass_all
configure:7967: checking for dlltool
configure:7997: result: no
configure:8027: checking how to associate runtime and link libraries
configure:8054: result: printf %s\n
configure:8114: checking for ar
configure:8130: found /usr/bin/ar
configure:8141: result: ar
configure:8178: checking for archiver @FILE support
configure:8195: gcc -c -g -O2  conftest.c >&5
configure:8195: $? = 0
configure:8198: ar cru libconftest.a @conftest.lst >&5
configure:8201: $? = 0
configure:8206: ar cru libconftest.a @conftest.lst >&5
ar: conftest.o: No such file or directory
configure:8209: $? = 1
configure:8221: result: @
configure:8279: checking for strip
configure:8295: found /usr/bin/strip
configure:8306: result: strip
configure:8378: checking for ranlib
configure:8394: found /usr/bin/ranlib
configure:8405: result: ranlib
configure:8507: checking command to parse /usr/bin/nm -B output from gcc object
configure:8627: gcc -c -g -O2  conftest.c >&5
configure:8630: $? = 0
configure:8634: /usr/bin/nm -B conftest.o \| sed -n -e 's/^.*[ ]\([ABCDGIRSTW][ABCDGIRSTW]*\)[ ][ ]*\([_A-Za-z][_A-Za-z0-9]*\)$/\1 \2 \2/p' | sed '/ __gnu_lto/d' \> conftest.nm
configure:8637: $? = 0
configure:8703: gcc -o conftest -g -O2   conftest.c conftstm.o >&5
configure:8706: $? = 0
configure:8744: result: ok
configure:8781: checking for sysroot
configure:8811: result: no
configure:8888: gcc -c -g -O2  conftest.c >&5
configure:8891: $? = 0
configure:9080: checking for mt
configure:9096: found /bin/mt
configure:9107: result: mt
configure:9130: checking if mt is a manifest tool
configure:9136: mt '-?'
configure:9144: result: no
configure:9783: checking for dlfcn.h
configure:9783: gcc -c -g -O2  conftest.c >&5
configure:9783: $? = 0
configure:9783: result: yes
configure:9970: checking for objdir
configure:9985: result: .libs
configure:10256: checking if gcc supports -fno-rtti -fno-exceptions
configure:10274: gcc -c -g -O2  -fno-rtti -fno-exceptions conftest.c >&5
cc1: warning: command line option '-fno-rtti' is valid for C++/ObjC++ but not for C
configure:10278: $? = 0
configure:10291: result: no
configure:10618: checking for gcc option to produce PIC
configure:10625: result: -fPIC -DPIC
configure:10633: checking if gcc PIC flag -fPIC -DPIC works
configure:10651: gcc -c -g -O2  -fPIC -DPIC -DPIC conftest.c >&5
configure:10655: $? = 0
configure:10668: result: yes
configure:10697: checking if gcc static flag -static works
configure:10725: result: yes
configure:10740: checking if gcc supports -c -o file.o
configure:10761: gcc -c -g -O2  -o out/conftest2.o conftest.c >&5
configure:10765: $? = 0
configure:10787: result: yes
configure:10795: checking if gcc supports -c -o file.o
configure:10842: result: yes
configure:10875: checking whether the gcc linker (/usr/bin/ld -m elf_x86_64) supports shared libraries
configure:12032: result: yes
configure:12069: checking whether -lc should be explicitly linked in
configure:12077: gcc -c -g -O2  conftest.c >&5
configure:12080: $? = 0
configure:12095: gcc -shared  -fPIC -DPIC conftest.o  -v -Wl,-soname -Wl,conftest -o conftest 2\>\&1 \| /bin/grep  -lc  \>/dev/null 2\>\&1
configure:12098: $? = 0
configure:12112: result: no
configure:12272: checking dynamic linker characteristics
configure:12772: gcc -o conftest -g -O2   -Wl,-rpath -Wl,/foo conftest.c  >&5
configure:12772: $? = 0
configure:13006: result: GNU/Linux ld.so
configure:13113: checking how to hardcode library paths into programs
configure:13138: result: immediate
configure:13678: checking whether stripping libraries is possible
configure:13683: result: yes
configure:13718: checking if libtool supports shared libraries
configure:13720: result: yes
configure:13723: checking whether to build shared libraries
configure:13744: result: yes
configure:13747: checking whether to build static libraries
configure:13751: result: no
configure:13774: checking how to run the C++ preprocessor
configure:13840: result: g++ -E
configure:13860: g++ -E  conftest.cpp
configure:13860: $? = 0
configure:13874: g++ -E  conftest.cpp
conftest.cpp:28:28: fatal error: ac_nonexistent.h: No such file or directory
 #include <ac_nonexistent.h>
                            ^
compilation terminated.
configure:13874: $? = 1
configure: failed program was:
| /* confdefs.h */
| #define PACKAGE_NAME "SmartPublicLight"
| #define PACKAGE_TARNAME "smartpubliclight"
| #define PACKAGE_VERSION "2.0.1"
| #define PACKAGE_STRING "SmartPublicLight 2.0.1"
| #define PACKAGE_BUGREPORT ""
| #define PACKAGE_URL ""
| #define PACKAGE "smartpubliclight"
| #define VERSION "2.0.1"
| #define STDC_HEADERS 1
| #define HAVE_SYS_TYPES_H 1
| #define HAVE_SYS_STAT_H 1
| #define HAVE_STDLIB_H 1
| #define HAVE_STRING_H 1
| #define HAVE_MEMORY_H 1
| #define HAVE_STRINGS_H 1
| #define HAVE_INTTYPES_H 1
| #define HAVE_STDINT_H 1
| #define HAVE_UNISTD_H 1
| #define __EXTENSIONS__ 1
| #define _ALL_SOURCE 1
| #define _GNU_SOURCE 1
| #define _POSIX_PTHREAD_SEMANTICS 1
| #define _TANDEM_SOURCE 1
| #define HAVE_DLFCN_H 1
| #define LT_OBJDIR ".libs/"
| /* end confdefs.h.  */
| #include <ac_nonexistent.h>
configure:14043: checking for ld used by g++
configure:14110: result: /usr/bin/ld -m elf_x86_64
configure:14117: checking if the linker (/usr/bin/ld -m elf_x86_64) is GNU ld
configure:14132: result: yes
configure:14187: checking whether the g++ linker (/usr/bin/ld -m elf_x86_64) supports shared libraries
configure:15189: result: yes
configure:15225: g++ -c -g -O2  conftest.cpp >&5
configure:15228: $? = 0
configure:15748: checking for g++ option to produce PIC
configure:15755: result: -fPIC -DPIC
configure:15763: checking if g++ PIC flag -fPIC -DPIC works
configure:15781: g++ -c -g -O2  -fPIC -DPIC -DPIC conftest.cpp >&5
configure:15785: $? = 0
configure:15798: result: yes
configure:15821: checking if g++ static flag -static works
configure:15849: result: yes
configure:15861: checking if g++ supports -c -o file.o
configure:15882: g++ -c -g -O2  -o out/conftest2.o conftest.cpp >&5
configure:15886: $? = 0
configure:15908: result: yes
configure:15913: checking if g++ supports -c -o file.o
configure:15960: result: yes
configure:15990: checking whether the g++ linker (/usr/bin/ld -m elf_x86_64) supports shared libraries
configure:16029: result: yes
configure:16170: checking dynamic linker characteristics
configure:16838: result: GNU/Linux ld.so
configure:16891: checking how to hardcode library paths into programs
configure:16916: result: immediate
configure:16985: checking fcntl.h usability
configure:16985: gcc -c -g -O2  conftest.c >&5
configure:16985: $? = 0
configure:16985: result: yes
configure:16985: checking fcntl.h presence
configure:16985: gcc -E  conftest.c
configure:16985: $? = 0
configure:16985: result: yes
configure:16985: checking for fcntl.h
configure:16985: result: yes
configure:16985: checking fnmatch.h usability
configure:16985: gcc -c -g -O2  conftest.c >&5
configure:16985: $? = 0
configure:16985: result: yes
configure:16985: checking fnmatch.h presence
configure:16985: gcc -E  conftest.c
configure:16985: $? = 0
configure:16985: result: yes
configure:16985: checking for fnmatch.h
configure:16985: result: yes
configure:16985: checking glob.h usability
configure:16985: gcc -c -g -O2  conftest.c >&5
configure:16985: $? = 0
configure:16985: result: yes
configure:16985: checking glob.h presence
configure:16985: gcc -E  conftest.c
configure:16985: $? = 0
configure:16985: result: yes
configure:16985: checking for glob.h
configure:16985: result: yes
configure:16985: checking regex.h usability
configure:16985: gcc -c -g -O2  conftest.c >&5
configure:16985: $? = 0
configure:16985: result: yes
configure:16985: checking regex.h presence
configure:16985: gcc -E  conftest.c
configure:16985: $? = 0
configure:16985: result: yes
configure:16985: checking for regex.h
configure:16985: result: yes
configure:16985: checking for stdlib.h
configure:16985: result: yes
configure:16985: checking sys/time.h usability
configure:16985: gcc -c -g -O2  conftest.c >&5
configure:16985: $? = 0
configure:16985: result: yes
configure:16985: checking sys/time.h presence
configure:16985: gcc -E  conftest.c
configure:16985: $? = 0
configure:16985: result: yes
configure:16985: checking for sys/time.h
configure:16985: result: yes
configure:16997: checking for off_t
configure:16997: gcc -c -g -O2  conftest.c >&5
configure:16997: $? = 0
configure:16997: gcc -c -g -O2  conftest.c >&5
conftest.c: In function 'main':
conftest.c:70:20: error: expected expression before ')' token
 if (sizeof ((off_t)))
                    ^
configure:16997: $? = 1
configure: failed program was:
| /* confdefs.h */
| #define PACKAGE_NAME "SmartPublicLight"
| #define PACKAGE_TARNAME "smartpubliclight"
| #define PACKAGE_VERSION "2.0.1"
| #define PACKAGE_STRING "SmartPublicLight 2.0.1"
| #define PACKAGE_BUGREPORT ""
| #define PACKAGE_URL ""
| #define PACKAGE "smartpubliclight"
| #define VERSION "2.0.1"
| #define STDC_HEADERS 1
| #define HAVE_SYS_TYPES_H 1
| #define HAVE_SYS_STAT_H 1
| #define HAVE_STDLIB_H 1
| #define HAVE_STRING_H 1
| #define HAVE_MEMORY_H 1
| #define HAVE_STRINGS_H 1
| #define HAVE_INTTYPES_H 1
| #define HAVE_STDINT_H 1
| #define HAVE_UNISTD_H 1
| #define __EXTENSIONS__ 1
| #define _ALL_SOURCE 1
| #define _GNU_SOURCE 1
| #define _POSIX_PTHREAD_SEMANTICS 1
| #define _TANDEM_SOURCE 1
| #define HAVE_DLFCN_H 1
| #define LT_OBJDIR ".libs/"
| #define HAVE_FCNTL_H 1
| #define HAVE_FNMATCH_H 1
| #define HAVE_GLOB_H 1
| #define HAVE_REGEX_H 1
| #define HAVE_STDLIB_H 1
| #define HAVE_SYS_TIME_H 1
| /* end confdefs.h.  */
| #include <stdio.h>
| #ifdef HAVE_SYS_TYPES_H
| # include <sys/types.h>
| #endif
| #ifdef HAVE_SYS_STAT_H
| # include <sys/stat.h>
| #endif
| #ifdef STDC_HEADERS
| # include <stdlib.h>
| # include <stddef.h>
| #else
| # ifdef HAVE_STDLIB_H
| #  include <stdlib.h>
| # endif
| #endif
| #ifdef HAVE_STRING_H
| # if !defined STDC_HEADERS && defined HAVE_MEMORY_H
| #  include <memory.h>
| # endif
| # include <string.h>
| #endif
| #ifdef HAVE_STRINGS_H
| # include <strings.h>
| #endif
| #ifdef HAVE_INTTYPES_H
| # include <inttypes.h>
| #endif
| #ifdef HAVE_STDINT_H
| # include <stdint.h>
| #endif
| #ifdef HAVE_UNISTD_H
| # include <unistd.h>
| #endif
| int
| main ()
| {
| if (sizeof ((off_t)))
| 	    return 0;
|   ;
|   return 0;
| }
configure:16997: result: yes
configure:17008: checking for size_t
configure:17008: gcc -c -g -O2  conftest.c >&5
configure:17008: $? = 0
configure:17008: gcc -c -g -O2  conftest.c >&5
conftest.c: In function 'main':
conftest.c:70:21: error: expected expression before ')' token
 if (sizeof ((size_t)))
                     ^
configure:17008: $? = 1
configure: failed program was:
| /* confdefs.h */
| #define PACKAGE_NAME "SmartPublicLight"
| #define PACKAGE_TARNAME "smartpubliclight"
| #define PACKAGE_VERSION "2.0.1"
| #define PACKAGE_STRING "SmartPublicLight 2.0.1"
| #define PACKAGE_BUGREPORT ""
| #define PACKAGE_URL ""
| #define PACKAGE "smartpubliclight"
| #define VERSION "2.0.1"
| #define STDC_HEADERS 1
| #define HAVE_SYS_TYPES_H 1
| #define HAVE_SYS_STAT_H 1
| #define HAVE_STDLIB_H 1
| #define HAVE_STRING_H 1
| #define HAVE_MEMORY_H 1
| #define HAVE_STRINGS_H 1
| #define HAVE_INTTYPES_H 1
| #define HAVE_STDINT_H 1
| #define HAVE_UNISTD_H 1
| #define __EXTENSIONS__ 1
| #define _ALL_SOURCE 1
| #define _GNU_SOURCE 1
| #define _POSIX_PTHREAD_SEMANTICS 1
| #define _TANDEM_SOURCE 1
| #define HAVE_DLFCN_H 1
| #define LT_OBJDIR ".libs/"
| #define HAVE_FCNTL_H 1
| #define HAVE_FNMATCH_H 1
| #define HAVE_GLOB_H 1
| #define HAVE_REGEX_H 1
| #define HAVE_STDLIB_H 1
| #define HAVE_SYS_TIME_H 1
| /* end confdefs.h.  */
| #include <stdio.h>
| #ifdef HAVE_SYS_TYPES_H
| # include <sys/types.h>
| #endif
| #ifdef HAVE_SYS_STAT_H
| # include <sys/stat.h>
| #endif
| #ifdef STDC_HEADERS
| # include <stdlib.h>
| # include <stddef.h>
| #else
| # ifdef HAVE_STDLIB_H
| #  include <stdlib.h>
| # endif
| #endif
| #ifdef HAVE_STRING_H
| # if !defined STDC_HEADERS && defined HAVE_MEMORY_H
| #  include <memory.h>
| # endif
| # include <string.h>
| #endif
| #ifdef HAVE_STRINGS_H
| # include <strings.h>
| #endif
| #ifdef HAVE_INTTYPES_H
| # include <inttypes.h>
| #endif
| #ifdef HAVE_STDINT_H
| # include <stdint.h>
| #endif
| #ifdef HAVE_UNISTD_H
| # include <unistd.h>
| #endif
| int
| main ()
| {
| if (sizeof ((size_t)))
| 	    return 0;
|   ;
|   return 0;
| }
configure:17008: result: yes
configure:17019: checking whether struct tm is in sys/time.h or time.h
configure:17039: gcc -c -g -O2  conftest.c >&5
configure:17039: $? = 0
configure:17046: result: time.h
configure:17109: checking for pkg-config
configure:17127: found /usr/bin/pkg-config
configure:17139: result: /usr/bin/pkg-config
configure:17164: checking pkg-config is at least version 0.9.0
configure:17167: result: yes
configure:17177: checking for CAIRO
configure:17184: $PKG_CONFIG --exists --print-errors "cairo >= 1.8"
configure:17187: $? = 0
configure:17201: $PKG_CONFIG --exists --print-errors "cairo >= 1.8"
configure:17204: $? = 0
configure:17262: result: yes
configure:17268: checking for SOUP24
configure:17275: $PKG_CONFIG --exists --print-errors "libsoup-2.4"
configure:17278: $? = 0
configure:17292: $PKG_CONFIG --exists --print-errors "libsoup-2.4"
configure:17295: $? = 0
configure:17353: result: yes
configure:17362: checking for gethostname
configure:17362: gcc -o conftest -g -O2   conftest.c  >&5
configure:17362: $? = 0
configure:17362: result: yes
configure:17362: checking for ftruncate
configure:17362: gcc -o conftest -g -O2   conftest.c  >&5
configure:17362: $? = 0
configure:17362: result: yes
configure:17362: checking for fgetpos
configure:17362: gcc -o conftest -g -O2   conftest.c  >&5
configure:17362: $? = 0
configure:17362: result: yes
configure:17362: checking for mkstemp
configure:17362: gcc -o conftest -g -O2   conftest.c  >&5
configure:17362: $? = 0
configure:17362: result: yes
configure:17362: checking for strerror
configure:17362: gcc -o conftest -g -O2   conftest.c  >&5
configure:17362: $? = 0
configure:17362: result: yes
configure:17362: checking for strstr
configure:17362: gcc -o conftest -g -O2   conftest.c  >&5
conftest.c:62:6: warning: conflicting types for built-in function 'strstr'
 char strstr ();
      ^
configure:17362: $? = 0
configure:17362: result: yes
configure:17410: checking for soapcpp2
configure:17428: found ../../resource/gsoap-2.8/gsoap/bin/linux386//soapcpp2
configure:17441: result: ../../resource/gsoap-2.8/gsoap/bin/linux386//soapcpp2
configure:17488: checking for xml2-config
configure:17506: found /usr/bin/xml2-config
configure:17518: result: /usr/bin/xml2-config
configure:17531: checking for libxml >= 2.6.11
configure:17549: result: 2.9.1
configure:17610: checking whether binary relocation support should be enabled
configure:17660: result: no
configure:17677: checking for GTK
configure:17684: $PKG_CONFIG --exists --print-errors "$gtk_modules"
configure:17687: $? = 0
configure:17701: $PKG_CONFIG --exists --print-errors "$gtk_modules"
configure:17704: $? = 0
configure:17762: result: yes
configure:17787: checking for GTHREAD
configure:17794: $PKG_CONFIG --exists --print-errors "$gthread_modules"
configure:17797: $? = 0
configure:17811: $PKG_CONFIG --exists --print-errors "$gthread_modules"
configure:17814: $? = 0
configure:17872: result: yes
configure:17883: checking for GMODULE
configure:17890: $PKG_CONFIG --exists --print-errors "$g_module"
configure:17893: $? = 0
configure:17907: $PKG_CONFIG --exists --print-errors "$g_module"
configure:17910: $? = 0
configure:17968: result: yes
configure:18034: checking for regcomp
configure:18034: gcc -o conftest -g -O2  -I/usr/include/libxml2  conftest.c  >&5
configure:18034: $? = 0
configure:18034: result: yes
configure:18126: checking for library containing connect
configure:18157: gcc -o conftest -g -O2  -I/usr/include/libxml2  conftest.c  >&5
configure:18157: $? = 0
configure:18174: result: none required
configure:18218: checking whether the force is with you
configure:18224: result: no
configure:18250: checking locale.h usability
configure:18250: gcc -c -g -O2  -I/usr/include/libxml2 conftest.c >&5
configure:18250: $? = 0
configure:18250: result: yes
configure:18250: checking locale.h presence
configure:18250: gcc -E  -I/usr/include/libxml2 conftest.c
configure:18250: $? = 0
configure:18250: result: yes
configure:18250: checking for locale.h
configure:18250: result: yes
configure:18261: checking for LC_MESSAGES
configure:18277: gcc -o conftest -g -O2  -I/usr/include/libxml2  conftest.c  >&5
configure:18277: $? = 0
configure:18285: result: yes
configure:18302: checking libintl.h usability
configure:18302: gcc -c -g -O2  -I/usr/include/libxml2 conftest.c >&5
configure:18302: $? = 0
configure:18302: result: yes
configure:18302: checking libintl.h presence
configure:18302: gcc -E  -I/usr/include/libxml2 conftest.c
configure:18302: $? = 0
configure:18302: result: yes
configure:18302: checking for libintl.h
configure:18302: result: yes
configure:18310: checking for ngettext in libc
configure:18328: gcc -o conftest -g -O2  -I/usr/include/libxml2  conftest.c  >&5
configure:18328: $? = 0
configure:18337: result: yes
configure:18341: checking for dgettext in libc
configure:18359: gcc -o conftest -g -O2  -I/usr/include/libxml2  conftest.c  >&5
configure:18359: $? = 0
configure:18368: result: yes
configure:18375: checking for bind_textdomain_codeset
configure:18375: gcc -o conftest -g -O2  -I/usr/include/libxml2  conftest.c  >&5
configure:18375: $? = 0
configure:18375: result: yes
configure:18651: checking for msgfmt
configure:18678: result: /usr/bin/msgfmt
configure:18689: checking for dcgettext
configure:18689: gcc -o conftest -g -O2  -I/usr/include/libxml2  conftest.c   >&5
conftest.c:72:6: warning: conflicting types for built-in function 'dcgettext'
 char dcgettext ();
      ^
configure:18689: $? = 0
configure:18689: result: yes
configure:18699: checking if msgfmt accepts -c
configure:18714: $MSGFMT -c -o /dev/null conftest.foo
conftest.foo:3: warning: header field 'Language' missing in header
configure:18717: $? = 0
configure:18719: result: yes
configure:18729: checking for gmsgfmt
configure:18760: result: /usr/bin/msgfmt
configure:18770: checking for xgettext
configure:18797: result: /usr/bin/xgettext
configure:18816: gcc -o conftest -g -O2  -I/usr/include/libxml2  conftest.c   >&5
configure:18816: $? = 0
configure:19096: checking that generated files are newer than configure
configure:19102: result: done
configure:19161: creating ./config.status

## ---------------- ##
## Cache variables. ##
## ---------------- ##

ac_cv_build=x86_64-unknown-linux-gnu
ac_cv_c_compiler_gnu=yes
ac_cv_cxx_compiler_gnu=yes
ac_cv_env_CAIRO_CFLAGS_set=
ac_cv_env_CAIRO_CFLAGS_value=
ac_cv_env_CAIRO_LIBS_set=
ac_cv_env_CAIRO_LIBS_value=
ac_cv_env_CCC_set=
ac_cv_env_CCC_value=
ac_cv_env_CC_set=
ac_cv_env_CC_value=
ac_cv_env_CFLAGS_set=
ac_cv_env_CFLAGS_value=
ac_cv_env_CPPFLAGS_set=
ac_cv_env_CPPFLAGS_value=
ac_cv_env_CPP_set=
ac_cv_env_CPP_value=
ac_cv_env_CXXCPP_set=
ac_cv_env_CXXCPP_value=
ac_cv_env_CXXFLAGS_set=
ac_cv_env_CXXFLAGS_value=
ac_cv_env_CXX_set=
ac_cv_env_CXX_value=
ac_cv_env_GMODULE_CFLAGS_set=
ac_cv_env_GMODULE_CFLAGS_value=
ac_cv_env_GMODULE_LIBS_set=
ac_cv_env_GMODULE_LIBS_value=
ac_cv_env_GTHREAD_CFLAGS_set=
ac_cv_env_GTHREAD_CFLAGS_value=
ac_cv_env_GTHREAD_LIBS_set=
ac_cv_env_GTHREAD_LIBS_value=
ac_cv_env_GTK_CFLAGS_set=
ac_cv_env_GTK_CFLAGS_value=
ac_cv_env_GTK_LIBS_set=
ac_cv_env_GTK_LIBS_value=
ac_cv_env_LDFLAGS_set=
ac_cv_env_LDFLAGS_value=
ac_cv_env_LIBS_set=
ac_cv_env_LIBS_value=
ac_cv_env_PKG_CONFIG_LIBDIR_set=
ac_cv_env_PKG_CONFIG_LIBDIR_value=
ac_cv_env_PKG_CONFIG_PATH_set=
ac_cv_env_PKG_CONFIG_PATH_value=
ac_cv_env_PKG_CONFIG_set=
ac_cv_env_PKG_CONFIG_value=
ac_cv_env_SOUP24_CFLAGS_set=
ac_cv_env_SOUP24_CFLAGS_value=
ac_cv_env_SOUP24_LIBS_set=
ac_cv_env_SOUP24_LIBS_value=
ac_cv_env_build_alias_set=
ac_cv_env_build_alias_value=
ac_cv_env_host_alias_set=
ac_cv_env_host_alias_value=
ac_cv_env_target_alias_set=
ac_cv_env_target_alias_value=
ac_cv_func_bind_textdomain_codeset=yes
ac_cv_func_dcgettext=yes
ac_cv_func_fgetpos=yes
ac_cv_func_ftruncate=yes
ac_cv_func_gethostname=yes
ac_cv_func_mkstemp=yes
ac_cv_func_regcomp=yes
ac_cv_func_strerror=yes
ac_cv_func_strstr=yes
ac_cv_header_dlfcn_h=yes
ac_cv_header_fcntl_h=yes
ac_cv_header_fnmatch_h=yes
ac_cv_header_glob_h=yes
ac_cv_header_inttypes_h=yes
ac_cv_header_libintl_h=yes
ac_cv_header_locale_h=yes
ac_cv_header_memory_h=yes
ac_cv_header_minix_config_h=no
ac_cv_header_regex_h=yes
ac_cv_header_stdc=yes
ac_cv_header_stdint_h=yes
ac_cv_header_stdlib_h=yes
ac_cv_header_string_h=yes
ac_cv_header_strings_h=yes
ac_cv_header_sys_stat_h=yes
ac_cv_header_sys_time_h=yes
ac_cv_header_sys_types_h=yes
ac_cv_header_unistd_h=yes
ac_cv_host=x86_64-unknown-linux-gnu
ac_cv_objext=o
ac_cv_path_EGREP='/bin/grep -E'
ac_cv_path_FGREP='/bin/grep -F'
ac_cv_path_GMSGFMT=/usr/bin/msgfmt
ac_cv_path_GREP=/bin/grep
ac_cv_path_INTLTOOL_EXTRACT=/usr/bin/intltool-extract
ac_cv_path_INTLTOOL_MERGE=/usr/bin/intltool-merge
ac_cv_path_INTLTOOL_PERL=/usr/bin/perl
ac_cv_path_INTLTOOL_UPDATE=/usr/bin/intltool-update
ac_cv_path_MSGFMT=/usr/bin/msgfmt
ac_cv_path_MSGMERGE=/usr/bin/msgmerge
ac_cv_path_SED=/bin/sed
ac_cv_path_SOAP_CPP=../../resource/gsoap-2.8/gsoap/bin/linux386//soapcpp2
ac_cv_path_XGETTEXT=/usr/bin/xgettext
ac_cv_path_XML2_CONFIG=/usr/bin/xml2-config
ac_cv_path_ac_pt_PKG_CONFIG=/usr/bin/pkg-config
ac_cv_path_install='/usr/bin/install -c'
ac_cv_path_mkdir=/bin/mkdir
ac_cv_prog_AWK=gawk
ac_cv_prog_CPP='gcc -E'
ac_cv_prog_CXXCPP='g++ -E'
ac_cv_prog_ac_ct_AR=ar
ac_cv_prog_ac_ct_CC=gcc
ac_cv_prog_ac_ct_CXX=g++
ac_cv_prog_ac_ct_MANIFEST_TOOL=mt
ac_cv_prog_ac_ct_OBJDUMP=objdump
ac_cv_prog_ac_ct_RANLIB=ranlib
ac_cv_prog_ac_ct_STRIP=strip
ac_cv_prog_cc_c89=
ac_cv_prog_cc_g=yes
ac_cv_prog_cxx_c_o=yes
ac_cv_prog_cxx_g=yes
ac_cv_prog_make_make_set=yes
ac_cv_safe_to_define___extensions__=yes
ac_cv_search_connect='none required'
ac_cv_struct_tm=time.h
ac_cv_type_off_t=yes
ac_cv_type_size_t=yes
am_cv_CC_dependencies_compiler_type=gcc3
am_cv_CXX_dependencies_compiler_type=gcc3
am_cv_make_support_nested_variables=yes
am_cv_prog_cc_c_o=yes
am_cv_val_LC_MESSAGES=yes
gt_cv_func_dgettext_libc=yes
gt_cv_func_dgettext_libintl=no
gt_cv_func_ngettext_libc=yes
gt_cv_have_gettext=yes
lt_cv_ar_at_file=@
lt_cv_archive_cmds_need_lc=no
lt_cv_deplibs_check_method=pass_all
lt_cv_file_magic_cmd='$MAGIC_CMD'
lt_cv_file_magic_test_file=
lt_cv_ld_reload_flag=-r
lt_cv_nm_interface='BSD nm'
lt_cv_objdir=.libs
lt_cv_path_LD=/usr/bin/ld
lt_cv_path_LDCXX='/usr/bin/ld -m elf_x86_64'
lt_cv_path_NM='/usr/bin/nm -B'
lt_cv_path_mainfest_tool=no
lt_cv_prog_compiler_c_o=yes
lt_cv_prog_compiler_c_o_CXX=yes
lt_cv_prog_compiler_pic='-fPIC -DPIC'
lt_cv_prog_compiler_pic_CXX='-fPIC -DPIC'
lt_cv_prog_compiler_pic_works=yes
lt_cv_prog_compiler_pic_works_CXX=yes
lt_cv_prog_compiler_rtti_exceptions=no
lt_cv_prog_compiler_static_works=yes
lt_cv_prog_compiler_static_works_CXX=yes
lt_cv_prog_gnu_ld=yes
lt_cv_prog_gnu_ldcxx=yes
lt_cv_sharedlib_from_linklib_cmd='printf %s\n'
lt_cv_shlibpath_overrides_runpath=no
lt_cv_sys_global_symbol_pipe='sed -n -e '\''s/^.*[	 ]\([ABCDGIRSTW][ABCDGIRSTW]*\)[	 ][	 ]*\([_A-Za-z][_A-Za-z0-9]*\)$/\1 \2 \2/p'\'' | sed '\''/ __gnu_lto/d'\'''
lt_cv_sys_global_symbol_to_c_name_address='sed -n -e '\''s/^: \([^ ]*\)[ ]*$/  {\"\1\", (void *) 0},/p'\'' -e '\''s/^[ABCDGIRSTW]* \([^ ]*\) \([^ ]*\)$/  {"\2", (void *) \&\2},/p'\'''
lt_cv_sys_global_symbol_to_c_name_address_lib_prefix='sed -n -e '\''s/^: \([^ ]*\)[ ]*$/  {\"\1\", (void *) 0},/p'\'' -e '\''s/^[ABCDGIRSTW]* \([^ ]*\) \(lib[^ ]*\)$/  {"\2", (void *) \&\2},/p'\'' -e '\''s/^[ABCDGIRSTW]* \([^ ]*\) \([^ ]*\)$/  {"lib\2", (void *) \&\2},/p'\'''
lt_cv_sys_global_symbol_to_cdecl='sed -n -e '\''s/^T .* \(.*\)$/extern int \1();/p'\'' -e '\''s/^[ABCDGIRSTW]* .* \(.*\)$/extern char \1;/p'\'''
lt_cv_sys_max_cmd_len=1572864
lt_cv_to_host_file_cmd=func_convert_file_noop
lt_cv_to_tool_file_cmd=func_convert_file_noop
pkg_cv_CAIRO_CFLAGS='-I/usr/include/cairo -I/usr/include/glib-2.0 -I/usr/lib/x86_64-linux-gnu/glib-2.0/include -I/usr/include/pixman-1 -I/usr/include/freetype2 -I/usr/include/libpng12 '
pkg_cv_CAIRO_LIBS='-lcairo '
pkg_cv_GMODULE_CFLAGS='-pthread -I/usr/include/glib-2.0 -I/usr/lib/x86_64-linux-gnu/glib-2.0/include '
pkg_cv_GMODULE_LIBS='-Wl,--export-dynamic -lgmodule-2.0 -pthread -lglib-2.0 '
pkg_cv_GTHREAD_CFLAGS='-pthread -I/usr/include/glib-2.0 -I/usr/lib/x86_64-linux-gnu/glib-2.0/include '
pkg_cv_GTHREAD_LIBS='-lgthread-2.0 -pthread -lglib-2.0 '
pkg_cv_GTK_CFLAGS='-pthread -I/usr/include/gtk-3.0 -I/usr/include/at-spi2-atk/2.0 -I/usr/include/at-spi-2.0 -I/usr/include/dbus-1.0 -I/usr/lib/x86_64-linux-gnu/dbus-1.0/include -I/usr/include/gtk-3.0 -I/usr/include/gio-unix-2.0/ -I/usr/include/cairo -I/usr/include/pango-1.0 -I/usr/include/harfbuzz -I/usr/include/pango-1.0 -I/usr/include/atk-1.0 -I/usr/include/cairo -I/usr/include/pixman-1 -I/usr/include/freetype2 -I/usr/include/libpng12 -I/usr/include/gdk-pixbuf-2.0 -I/usr/include/libpng12 -I/usr/include/glib-2.0 -I/usr/lib/x86_64-linux-gnu/glib-2.0/include '
pkg_cv_GTK_LIBS='-lgtk-3 -lgdk-3 -lpangocairo-1.0 -lpango-1.0 -latk-1.0 -lcairo-gobject -lcairo -lgdk_pixbuf-2.0 -lgio-2.0 -lgobject-2.0 -lglib-2.0 '
pkg_cv_SOUP24_CFLAGS='-pthread -I/usr/include/libsoup-2.4 -I/usr/include/libxml2 -I/usr/include/glib-2.0 -I/usr/lib/x86_64-linux-gnu/glib-2.0/include '
pkg_cv_SOUP24_LIBS='-lsoup-2.4 -lgio-2.0 -lgobject-2.0 -lglib-2.0 '

## ----------------- ##
## Output variables. ##
## ----------------- ##

ACLOCAL='aclocal-1.14'
ALL_LINGUAS=''
AMDEPBACKSLASH='\'
AMDEP_FALSE='#'
AMDEP_TRUE=''
AMTAR='$${TAR-tar}'
AM_BACKSLASH='\'
AM_DEFAULT_V='$(AM_DEFAULT_VERBOSITY)'
AM_DEFAULT_VERBOSITY='0'
AM_V='$(V)'
AR='ar'
AUTOCONF='autoconf'
AUTOHEADER='autoheader'
AUTOMAKE='automake-1.14'
AWK='gawk'
CAIRO_CFLAGS='-I/usr/include/cairo -I/usr/include/glib-2.0 -I/usr/lib/x86_64-linux-gnu/glib-2.0/include -I/usr/include/pixman-1 -I/usr/include/freetype2 -I/usr/include/libpng12 '
CAIRO_LIBS='-lcairo '
CATALOGS=''
CATOBJEXT='.gmo'
CC='gcc'
CCDEPMODE='depmode=gcc3'
CFLAGS='-g -O2'
CPP='gcc -E'
CPPFLAGS=' -I/usr/include/libxml2'
CXX='g++'
CXXCPP='g++ -E'
CXXDEPMODE='depmode=gcc3'
CXXFLAGS='-g -O2'
CYGPATH_W='echo'
DATADIRNAME='share'
DEFS='-DHAVE_CONFIG_H'
DEPDIR='.deps'
DLLTOOL='false'
DSYMUTIL=''
DUMPBIN=''
ECHO_C=''
ECHO_N='-n'
ECHO_T=''
EGREP='/bin/grep -E'
EXEEXT=''
FGREP='/bin/grep -F'
GDL3_CFLAGS='-I../../../lib/gdl/include/libgdl-3.0'
GDL3_LIBS='-L../../../lib/gdl/lib -lgdl-3'
GDL_OS='Debian_8.6_x64'
GETTEXT_PACKAGE='smartstreetlight'
GMODULE_CFLAGS='-pthread -I/usr/include/glib-2.0 -I/usr/lib/x86_64-linux-gnu/glib-2.0/include '
GMODULE_LIBS='-Wl,--export-dynamic -lgmodule-2.0 -pthread -lglib-2.0 '
GMOFILES=''
GMSGFMT='/usr/bin/msgfmt'
GREP='/bin/grep'
GTHREAD_CFLAGS='-pthread -I/usr/include/glib-2.0 -I/usr/lib/x86_64-linux-gnu/glib-2.0/include '
GTHREAD_LIBS='-lgthread-2.0 -pthread -lglib-2.0 '
GTK3_CFLAGS='-DGTK_DISABLE_SINGLE_INCLUDES -DGDK_DISABLE_DEPRECATED -DGTK_DISABLE_DEPRECATED -DGSEAL_ENABLE -DGDK_PIXBUF_DISABLE_DEPRECATED -DG_DISABLE_DEPRECATED'
GTK_CFLAGS='-pthread -I/usr/include/gtk-3.0 -I/usr/include/at-spi2-atk/2.0 -I/usr/include/at-spi-2.0 -I/usr/include/dbus-1.0 -I/usr/lib/x86_64-linux-gnu/dbus-1.0/include -I/usr/include/gtk-3.0 -I/usr/include/gio-unix-2.0/ -I/usr/include/cairo -I/usr/include/pango-1.0 -I/usr/include/harfbuzz -I/usr/include/pango-1.0 -I/usr/include/atk-1.0 -I/usr/include/cairo -I/usr/include/pixman-1 -I/usr/include/freetype2 -I/usr/include/libpng12 -I/usr/include/gdk-pixbuf-2.0 -I/usr/include/libpng12 -I/usr/include/glib-2.0 -I/usr/lib/x86_64-linux-gnu/glib-2.0/include '
GTK_LIBS='-lgtk-3 -lgdk-3 -lpangocairo-1.0 -lpango-1.0 -latk-1.0 -lcairo-gobject -lcairo -lgdk_pixbuf-2.0 -lgio-2.0 -lgobject-2.0 -lglib-2.0 '
IFAST_DATA_DIR='/opt/icdrec/spl/share/smartstreetlight'
INSTALL_DATA='${INSTALL} -m 644'
INSTALL_PROGRAM='${INSTALL}'
INSTALL_SCRIPT='${INSTALL}'
INSTALL_STRIP_PROGRAM='$(install_sh) -c -s'
INSTOBJEXT='.mo'
INTLLIBS=''
INTLTOOL_CAVES_RULE='%.caves:     %.caves.in     $(INTLTOOL_MERGE) $(wildcard $(top_srcdir)/po/*.po) ; $(INTLTOOL_V_MERGE)LC_ALL=C $(INTLTOOL_MERGE) $(INTLTOOL_V_MERGE_OPTIONS) -d -u -c $(top_builddir)/po/.intltool-merge-cache $(top_srcdir)/po $< $@'
INTLTOOL_DESKTOP_RULE='%.desktop:   %.desktop.in   $(INTLTOOL_MERGE) $(wildcard $(top_srcdir)/po/*.po) ; $(INTLTOOL_V_MERGE)LC_ALL=C $(INTLTOOL_MERGE) $(INTLTOOL_V_MERGE_OPTIONS) -d -u -c $(top_builddir)/po/.intltool-merge-cache $(top_srcdir)/po $< $@'
INTLTOOL_DIRECTORY_RULE='%.directory: %.directory.in $(INTLTOOL_MERGE) $(wildcard $(top_srcdir)/po/*.po) ; $(INTLTOOL_V_MERGE)LC_ALL=C $(INTLTOOL_MERGE) $(INTLTOOL_V_MERGE_OPTIONS) -d -u -c $(top_builddir)/po/.intltool-merge-cache $(top_srcdir)/po $< $@'
INTLTOOL_EXTRACT='/usr/bin/intltool-extract'
INTLTOOL_KBD_RULE='%.kbd:       %.kbd.in       $(INTLTOOL_MERGE) $(wildcard $(top_srcdir)/po/*.po) ; $(INTLTOOL_V_MERGE)LC_ALL=C $(INTLTOOL_MERGE) $(INTLTOOL_V_MERGE_OPTIONS) -x -u -m -c $(top_builddir)/po/.intltool-merge-cache $(top_srcdir)/po $< $@'
INTLTOOL_KEYS_RULE='%.keys:      %.keys.in      $(INTLTOOL_MERGE) $(wildcard $(top_srcdir)/po/*.po) ; $(INTLTOOL_V_MERGE)LC_ALL=C $(INTLTOOL_MERGE) $(INTLTOOL_V_MERGE_OPTIONS) -k -u -c $(top_builddir)/po/.intltool-merge-cache $(top_srcdir)/po $< $@'
INTLTOOL_MERGE='/usr/bin/intltool-merge'
INTLTOOL_OAF_RULE='%.oaf:       %.oaf.in       $(INTLTOOL_MERGE) $(wildcard $(top_srcdir)/po/*.po) ; $(INTLTOOL_V_MERGE)LC_ALL=C $(INTLTOOL_MERGE) $(INTLTOOL_V_MERGE_OPTIONS) -o -p $(top_srcdir)/po $< $@'
INTLTOOL_PERL='/usr/bin/perl'
INTLTOOL_POLICY_RULE='%.policy:    %.policy.in    $(INTLTOOL_MERGE) $(wildcard $(top_srcdir)/po/*.po) ; $(INTLTOOL_V_MERGE)LC_ALL=C $(INTLTOOL_MERGE) $(INTLTOOL_V_MERGE_OPTIONS) -x -u -c $(top_builddir)/po/.intltool-merge-cache $(top_srcdir)/po $< $@'
INTLTOOL_PONG_RULE='%.pong:      %.pong.in      $(INTLTOOL_MERGE) $(wildcard $(top_srcdir)/po/*.po) ; $(INTLTOOL_V_MERGE)LC_ALL=C $(INTLTOOL_MERGE) $(INTLTOOL_V_MERGE_OPTIONS) -x -u -c $(top_builddir)/po/.intltool-merge-cache $(top_srcdir)/po $< $@'
INTLTOOL_PROP_RULE='%.prop:      %.prop.in      $(INTLTOOL_MERGE) $(wildcard $(top_srcdir)/po/*.po) ; $(INTLTOOL_V_MERGE)LC_ALL=C $(INTLTOOL_MERGE) $(INTLTOOL_V_MERGE_OPTIONS) -d -u -c $(top_builddir)/po/.intltool-merge-cache $(top_srcdir)/po $< $@'
INTLTOOL_SCHEMAS_RULE='%.schemas:   %.schemas.in   $(INTLTOOL_MERGE) $(wildcard $(top_srcdir)/po/*.po) ; $(INTLTOOL_V_MERGE)LC_ALL=C $(INTLTOOL_MERGE) $(INTLTOOL_V_MERGE_OPTIONS) -s -u -c $(top_builddir)/po/.intltool-merge-cache $(top_srcdir)/po $< $@'
INTLTOOL_SERVER_RULE='%.server:    %.server.in    $(INTLTOOL_MERGE) $(wildcard $(top_srcdir)/po/*.po) ; $(INTLTOOL_V_MERGE)LC_ALL=C $(INTLTOOL_MERGE) $(INTLTOOL_V_MERGE_OPTIONS) -o -u -c $(top_builddir)/po/.intltool-merge-cache $(top_srcdir)/po $< $@'
INTLTOOL_SERVICE_RULE='%.service: %.service.in   $(INTLTOOL_MERGE) $(wildcard $(top_srcdir)/po/*.po) ; $(INTLTOOL_V_MERGE)LC_ALL=C $(INTLTOOL_MERGE) $(INTLTOOL_V_MERGE_OPTIONS) -d -u -c $(top_builddir)/po/.intltool-merge-cache $(top_srcdir)/po $< $@'
INTLTOOL_SHEET_RULE='%.sheet:     %.sheet.in     $(INTLTOOL_MERGE) $(wildcard $(top_srcdir)/po/*.po) ; $(INTLTOOL_V_MERGE)LC_ALL=C $(INTLTOOL_MERGE) $(INTLTOOL_V_MERGE_OPTIONS) -x -u -c $(top_builddir)/po/.intltool-merge-cache $(top_srcdir)/po $< $@'
INTLTOOL_SOUNDLIST_RULE='%.soundlist: %.soundlist.in $(INTLTOOL_MERGE) $(wildcard $(top_srcdir)/po/*.po) ; $(INTLTOOL_V_MERGE)LC_ALL=C $(INTLTOOL_MERGE) $(INTLTOOL_V_MERGE_OPTIONS) -d -u -c $(top_builddir)/po/.intltool-merge-cache $(top_srcdir)/po $< $@'
INTLTOOL_THEME_RULE='%.theme:     %.theme.in     $(INTLTOOL_MERGE) $(wildcard $(top_srcdir)/po/*.po) ; $(INTLTOOL_V_MERGE)LC_ALL=C $(INTLTOOL_MERGE) $(INTLTOOL_V_MERGE_OPTIONS) -d -u -c $(top_builddir)/po/.intltool-merge-cache $(top_srcdir)/po $< $@'
INTLTOOL_UI_RULE='%.ui:        %.ui.in        $(INTLTOOL_MERGE) $(wildcard $(top_srcdir)/po/*.po) ; $(INTLTOOL_V_MERGE)LC_ALL=C $(INTLTOOL_MERGE) $(INTLTOOL_V_MERGE_OPTIONS) -x -u -c $(top_builddir)/po/.intltool-merge-cache $(top_srcdir)/po $< $@'
INTLTOOL_UPDATE='/usr/bin/intltool-update'
INTLTOOL_V_MERGE='$(INTLTOOL__v_MERGE_$(V))'
INTLTOOL_V_MERGE_OPTIONS='$(intltool__v_merge_options_$(V))'
INTLTOOL_XAM_RULE='%.xam:       %.xml.in       $(INTLTOOL_MERGE) $(wildcard $(top_srcdir)/po/*.po) ; $(INTLTOOL_V_MERGE)LC_ALL=C $(INTLTOOL_MERGE) $(INTLTOOL_V_MERGE_OPTIONS) -x -u -c $(top_builddir)/po/.intltool-merge-cache $(top_srcdir)/po $< $@'
INTLTOOL_XML_NOMERGE_RULE='%.xml:       %.xml.in       $(INTLTOOL_MERGE) ; $(INTLTOOL_V_MERGE)LC_ALL=C $(INTLTOOL_MERGE) $(INTLTOOL_V_MERGE_OPTIONS) -x -u --no-translations $< $@'
INTLTOOL_XML_RULE='%.xml:       %.xml.in       $(INTLTOOL_MERGE) $(wildcard $(top_srcdir)/po/*.po) ; $(INTLTOOL_V_MERGE)LC_ALL=C $(INTLTOOL_MERGE) $(INTLTOOL_V_MERGE_OPTIONS) -x -u -c $(top_builddir)/po/.intltool-merge-cache $(top_srcdir)/po $< $@'
INTLTOOL__v_MERGE_0='@echo "  ITMRG " $@;'
INTLTOOL__v_MERGE_='$(INTLTOOL__v_MERGE_$(AM_DEFAULT_VERBOSITY))'
LD='/usr/bin/ld -m elf_x86_64'
LDFLAGS=''
LIBOBJS=''
LIBS=''
LIBTOOL='$(SHELL) $(top_builddir)/libtool --silent'
LIPO=''
LN_S='ln -s'
LTLIBOBJS=''
MAKEINFO='makeinfo'
MANIFEST_TOOL=':'
MINGW_FALSE=''
MINGW_TRUE='#'
MKDIR_P='/bin/mkdir -p'
MKINSTALLDIRS='../mkinstalldirs'
MSGFMT='/usr/bin/msgfmt'
MSGFMT_OPTS='-c'
MSGMERGE='/usr/bin/msgmerge'
NM='/usr/bin/nm -B'
NMEDIT=''
OBJDUMP='objdump'
OBJEXT='o'
OTOOL64=''
OTOOL=''
PACKAGE='smartpubliclight'
PACKAGE_BUGREPORT=''
PACKAGE_NAME='SmartPublicLight'
PACKAGE_STRING='SmartPublicLight 2.0.1'
PACKAGE_TARNAME='smartpubliclight'
PACKAGE_URL=''
PACKAGE_VERSION='2.0.1'
PATH_SEPARATOR=':'
PKG_CONFIG='/usr/bin/pkg-config'
PKG_CONFIG_LIBDIR=''
PKG_CONFIG_PATH=''
PLUGINS_FALSE='#'
PLUGINS_TRUE=''
POFILES=''
POSUB='po'
PO_IN_DATADIR_FALSE=''
PO_IN_DATADIR_TRUE=''
RANLIB='ranlib'
SED='/bin/sed'
SET_MAKE=''
SHELL='/bin/bash'
SOAP_CPP='../../resource/gsoap-2.8/gsoap/bin/linux386//soapcpp2'
SOUP24_CFLAGS='-pthread -I/usr/include/libsoup-2.4 -I/usr/include/libxml2 -I/usr/include/glib-2.0 -I/usr/lib/x86_64-linux-gnu/glib-2.0/include '
SOUP24_LIBS='-lsoup-2.4 -lgio-2.0 -lgobject-2.0 -lglib-2.0 '
STRIP='strip'
USE_INCLUDED_REGEX_FALSE=''
USE_INCLUDED_REGEX_TRUE='#'
USE_NLS='yes'
VERSION='2.0.1'
WEBSERVICE='http://aliendb1.cern.ch:6004/axis/services/MLWebService'
XGETTEXT='/usr/bin/xgettext'
XML2_CONFIG='/usr/bin/xml2-config'
XML2_LIBS=' -lxml2'
ac_ct_AR='ar'
ac_ct_CC='gcc'
ac_ct_CXX='g++'
ac_ct_DUMPBIN=''
am__EXEEXT_FALSE=''
am__EXEEXT_TRUE='#'
am__fastdepCC_FALSE='#'
am__fastdepCC_TRUE=''
am__fastdepCXX_FALSE='#'
am__fastdepCXX_TRUE=''
am__include='include'
am__isrc=' -I$(srcdir)'
am__leading_dot='.'
am__nodep='_no'
am__quote=''
am__tar='$${TAR-tar} chof - "$$tardir"'
am__untar='$${TAR-tar} xf -'
bindir='${exec_prefix}/bin'
build='x86_64-unknown-linux-gnu'
build_alias=''
build_cpu='x86_64'
build_os='linux-gnu'
build_vendor='unknown'
datadir='${datarootdir}'
datarootdir='${prefix}/share'
docdir='${datarootdir}/doc/${PACKAGE_TARNAME}'
dvidir='${docdir}'
exec_prefix='${prefix}'
host='x86_64-unknown-linux-gnu'
host_alias=''
host_cpu='x86_64'
host_os='linux-gnu'
host_vendor='unknown'
htmldir='${docdir}'
includedir='${prefix}/include'
infodir='${datarootdir}/info'
install_sh='${SHELL} /media/data/JOBS/spl/SmartStreetLight/install-sh'
intltool__v_merge_options_0='-q'
intltool__v_merge_options_='$(intltool__v_merge_options_$(AM_DEFAULT_VERBOSITY))'
libdir='${exec_prefix}/lib'
libexecdir='${exec_prefix}/libexec'
localedir='${datarootdir}/locale'
localstatedir='${prefix}/var'
mandir='${datarootdir}/man'
mkdir_p='$(MKDIR_P)'
oldincludedir='/usr/include'
pdfdir='${docdir}'
prefix='/opt/icdrec/spl'
program_transform_name='s,x,x,'
psdir='${docdir}'
sbindir='${exec_prefix}/sbin'
sharedstatedir='${prefix}/com'
sysconfdir='${prefix}/etc'
target_alias=''

## ----------- ##
## confdefs.h. ##
## ----------- ##

/* confdefs.h */
#define PACKAGE_NAME "SmartPublicLight"
#define PACKAGE_TARNAME "smartpubliclight"
#define PACKAGE_VERSION "2.0.1"
#define PACKAGE_STRING "SmartPublicLight 2.0.1"
#define PACKAGE_BUGREPORT ""
#define PACKAGE_URL ""
#define PACKAGE "smartpubliclight"
#define VERSION "2.0.1"
#define STDC_HEADERS 1
#define HAVE_SYS_TYPES_H 1
#define HAVE_SYS_STAT_H 1
#define HAVE_STDLIB_H 1
#define HAVE_STRING_H 1
#define HAVE_MEMORY_H 1
#define HAVE_STRINGS_H 1
#define HAVE_INTTYPES_H 1
#define HAVE_STDINT_H 1
#define HAVE_UNISTD_H 1
#define __EXTENSIONS__ 1
#define _ALL_SOURCE 1
#define _GNU_SOURCE 1
#define _POSIX_PTHREAD_SEMANTICS 1
#define _TANDEM_SOURCE 1
#define HAVE_DLFCN_H 1
#define LT_OBJDIR ".libs/"
#define HAVE_FCNTL_H 1
#define HAVE_FNMATCH_H 1
#define HAVE_GLOB_H 1
#define HAVE_REGEX_H 1
#define HAVE_STDLIB_H 1
#define HAVE_SYS_TIME_H 1
#define HAVE_GETHOSTNAME 1
#define HAVE_FTRUNCATE 1
#define HAVE_FGETPOS 1
#define HAVE_MKSTEMP 1
#define HAVE_STRERROR 1
#define HAVE_STRSTR 1
#define REVISION "-1"
#define HAVE_PLUGINS 1
#define HAVE_REGCOMP 1
#define HAVE_SOCKET 1
#define GETTEXT_PACKAGE "smartstreetlight"
#define HAVE_LOCALE_H 1
#define HAVE_LC_MESSAGES 1
#define HAVE_BIND_TEXTDOMAIN_CODESET 1
#define HAVE_GETTEXT 1
#define HAVE_DCGETTEXT 1
#define ENABLE_NLS 1

configure: exit 0

## ---------------------- ##
## Running config.status. ##
## ---------------------- ##

This file was extended by SmartPublicLight config.status 2.0.1, which was
generated by GNU Autoconf 2.69.  Invocation command line was

  CONFIG_FILES    = 
  CONFIG_HEADERS  = 
  CONFIG_LINKS    = 
  CONFIG_COMMANDS = 
  $ ./config.status 

on debian

config.status:1283: creating Makefile
config.status:1283: creating src/Makefile
config.status:1283: creating src/gsoap/Makefile
config.status:1283: creating po/Makefile.in
config.status:1283: creating smartstreetlight.spec
config.status:1283: creating smartstreetlight.pc
config.status:1283: creating icons/Makefile
config.status:1283: creating icons/32x32/Makefile
config.status:1283: creating icons/16x16/Makefile
config.status:1283: creating icons/light/Makefile
config.status:1283: creating config.h
config.status:1449: config.h is unchanged
config.status:1497: executing depfiles commands
config.status:1497: executing libtool commands
config.status:1497: executing default-1 commands
config.status:1497: executing po/stamp-it commands

## ---------------------- ##
## Running config.status. ##
## ---------------------- ##

This file was extended by SmartPublicLight config.status 2.0.1, which was
generated by GNU Autoconf 2.69.  Invocation command line was

  CONFIG_FILES    = 
  CONFIG_HEADERS  = 
  CONFIG_LINKS    = 
  CONFIG_COMMANDS = 
  $ ./config.status config.h

on debian

config.status:1283: creating config.h
config.status:1449: config.h is unchanged
