This file contains any messages produced by compilers while
running configure, to aid debugging if configure makes a mistake.

It was created by SmartPublicLight configure 2.0.1, which was
generated by GNU Autoconf 2.69.  Invocation command line was

  $ ../configure --prefix=/usr/local CFLAGS= CXXFLAGS= --no-create --no-recursion

## --------- ##
## Platform. ##
## --------- ##

hostname = debian
uname -m = x86_64
uname -r = 3.16.0-4-amd64
uname -s = Linux
uname -v = #1 SMP Debian 3.16.36-1+deb8u1 (2016-09-03)

/usr/bin/uname -p = unknown
/bin/uname -X     = unknown

/bin/arch              = unknown
/usr/bin/arch -k       = unknown
/usr/convex/getsysinfo = unknown
/usr/bin/hostinfo      = unknown
/bin/machine           = unknown
/usr/bin/oslevel       = unknown
/bin/universe          = unknown

PATH: /usr/local/bin
PATH: /usr/bin
PATH: /bin
PATH: /usr/local/games
PATH: /usr/games
PATH: /usr/lib/jvm/jdk1.8.0_101/jre/bin
PATH: /bin
PATH: /bin
PATH: /sbin/
PATH: /usr/bin/
PATH: /usr/sbin


## ----------- ##
## Core tests. ##
## ----------- ##

configure:2571: checking for a BSD-compatible install
configure:2639: result: /usr/bin/install -c
configure:2650: checking whether build environment is sane
configure:2705: result: yes
configure:2743: WARNING: 'missing' script is too old or missing
configure:2856: checking for a thread-safe mkdir -p
configure:2895: result: /bin/mkdir -p
configure:2902: checking for gawk
configure:2918: found /usr/bin/gawk
configure:2929: result: gawk
configure:2940: checking whether make sets $(MAKE)
configure:2962: result: yes
configure:2991: checking whether make supports nested variables
configure:3008: result: yes
configure:3148: checking whether make supports nested variables
configure:3165: result: yes
configure:3192: checking for style of include used by make
configure:3220: result: GNU
configure:3291: checking for gcc
configure:3307: found /usr/bin/gcc
configure:3318: result: gcc
configure:3547: checking for C compiler version
configure:3556: gcc --version >&5
gcc (Debian 4.9.2-10) 4.9.2
Copyright (C) 2014 Free Software Foundation, Inc.
This is free software; see the source for copying conditions.  There is NO
warranty; not even for MERCHANTABILITY or FITNESS FOR A PARTICULAR PURPOSE.

configure:3567: $? = 0
configure:3556: gcc -v >&5
Using built-in specs.
COLLECT_GCC=gcc
COLLECT_LTO_WRAPPER=/usr/lib/gcc/x86_64-linux-gnu/4.9/lto-wrapper
Target: x86_64-linux-gnu
Configured with: ../src/configure -v --with-pkgversion='Debian 4.9.2-10' --with-bugurl=file:///usr/share/doc/gcc-4.9/README.Bugs --enable-languages=c,c++,java,go,d,fortran,objc,obj-c++ --prefix=/usr --program-suffix=-4.9 --enable-shared --enable-linker-build-id --libexecdir=/usr/lib --without-included-gettext --enable-threads=posix --with-gxx-include-dir=/usr/include/c++/4.9 --libdir=/usr/lib --enable-nls --with-sysroot=/ --enable-clocale=gnu --enable-libstdcxx-debug --enable-libstdcxx-time=yes --enable-gnu-unique-object --disable-vtable-verify --enable-plugin --with-system-zlib --disable-browser-plugin --enable-java-awt=gtk --enable-gtk-cairo --with-java-home=/usr/lib/jvm/java-1.5.0-gcj-4.9-amd64/jre --enable-java-home --with-jvm-root-dir=/usr/lib/jvm/java-1.5.0-gcj-4.9-amd64 --with-jvm-jar-dir=/usr/lib/jvm-exports/java-1.5.0-gcj-4.9-amd64 --with-arch-directory=amd64 --with-ecj-jar=/usr/share/java/eclipse-ecj.jar --enable-objc-gc --enable-multiarch --with-arch-32=i586 --with-abi=m64 --with-multilib-list=m32,m64,mx32 --enable-multilib --with-tune=generic --enable-checking=release --build=x86_64-linux-gnu --host=x86_64-linux-gnu --target=x86_64-linux-gnu
Thread model: posix
gcc version 4.9.2 (Debian 4.9.2-10) 
configure:3567: $? = 0
configure:3556: gcc -V >&5
gcc: error: unrecognized command line option '-V'
gcc: fatal error: no input files
compilation terminated.
configure:3567: $? = 4
configure:3556: gcc -qversion >&5
gcc: error: unrecognized command line option '-qversion'
gcc: fatal error: no input files
compilation terminated.
configure:3567: $? = 4
configure:3587: checking whether the C compiler works
configure:3609: gcc    conftest.c  >&5
configure:3613: $? = 0
configure:3661: result: yes
configure:3664: checking for C compiler default output file name
configure:3666: result: a.out
configure:3672: checking for suffix of executables
configure:3679: gcc -o conftest    conftest.c  >&5
configure:3683: $? = 0
configure:3705: result: 
configure:3727: checking whether we are cross compiling
configure:3735: gcc -o conftest    conftest.c  >&5
configure:3739: $? = 0
configure:3746: ./conftest
configure:3750: $? = 0
configure:3765: result: no
configure:3770: checking for suffix of object files
configure:3792: gcc -c   conftest.c >&5
configure:3796: $? = 0
configure:3817: result: o
configure:3821: checking whether we are using the GNU C compiler
configure:3840: gcc -c   conftest.c >&5
configure:3840: $? = 0
configure:3849: result: yes
configure:3858: checking whether gcc accepts -g
configure:3878: gcc -c -g  conftest.c >&5
configure:3878: $? = 0
configure:3919: result: yes
configure:3936: checking for gcc option to accept ISO C89
configure:3999: gcc  -c   conftest.c >&5
configure:3999: $? = 0
configure:4012: result: none needed
configure:4037: checking whether gcc understands -c and -o together
configure:4059: gcc -c conftest.c -o conftest2.o
configure:4062: $? = 0
configure:4059: gcc -c conftest.c -o conftest2.o
configure:4062: $? = 0
configure:4074: result: yes
configure:4093: checking dependency style of gcc
configure:4204: result: gcc3
configure:4225: checking how to run the C preprocessor
configure:4256: gcc -E  conftest.c
configure:4256: $? = 0
configure:4270: gcc -E  conftest.c
conftest.c:11:28: fatal error: ac_nonexistent.h: No such file or directory
 #include <ac_nonexistent.h>
                            ^
compilation terminated.
configure:4270: $? = 1
configure: failed program was:
| /* confdefs.h */
| #define PACKAGE_NAME "SmartPublicLight"
| #define PACKAGE_TARNAME "smartpubliclight"
| #define PACKAGE_VERSION "2.0.1"
| #define PACKAGE_STRING "SmartPublicLight 2.0.1"
| #define PACKAGE_BUGREPORT ""
| #define PACKAGE_URL ""
| #define PACKAGE "smartpubliclight"
| #define VERSION "2.0.1"
| /* end confdefs.h.  */
| #include <ac_nonexistent.h>
configure:4295: result: gcc -E
configure:4315: gcc -E  conftest.c
configure:4315: $? = 0
configure:4329: gcc -E  conftest.c
conftest.c:11:28: fatal error: ac_nonexistent.h: No such file or directory
 #include <ac_nonexistent.h>
                            ^
compilation terminated.
configure:4329: $? = 1
configure: failed program was:
| /* confdefs.h */
| #define PACKAGE_NAME "SmartPublicLight"
| #define PACKAGE_TARNAME "smartpubliclight"
| #define PACKAGE_VERSION "2.0.1"
| #define PACKAGE_STRING "SmartPublicLight 2.0.1"
| #define PACKAGE_BUGREPORT ""
| #define PACKAGE_URL ""
| #define PACKAGE "smartpubliclight"
| #define VERSION "2.0.1"
| /* end confdefs.h.  */
| #include <ac_nonexistent.h>
configure:4358: checking for grep that handles long lines and -e
configure:4416: result: /bin/grep
configure:4421: checking for egrep
configure:4483: result: /bin/grep -E
configure:4488: checking for ANSI C header files
configure:4508: gcc -c   conftest.c >&5
configure:4508: $? = 0
configure:4581: gcc -o conftest    conftest.c  >&5
configure:4581: $? = 0
configure:4581: ./conftest
configure:4581: $? = 0
configure:4592: result: yes
configure:4605: checking for sys/types.h
configure:4605: gcc -c   conftest.c >&5
configure:4605: $? = 0
configure:4605: result: yes
configure:4605: checking for sys/stat.h
configure:4605: gcc -c   conftest.c >&5
configure:4605: $? = 0
configure:4605: result: yes
configure:4605: checking for stdlib.h
configure:4605: gcc -c   conftest.c >&5
configure:4605: $? = 0
configure:4605: result: yes
configure:4605: checking for string.h
configure:4605: gcc -c   conftest.c >&5
configure:4605: $? = 0
configure:4605: result: yes
configure:4605: checking for memory.h
configure:4605: gcc -c   conftest.c >&5
configure:4605: $? = 0
configure:4605: result: yes
configure:4605: checking for strings.h
configure:4605: gcc -c   conftest.c >&5
configure:4605: $? = 0
configure:4605: result: yes
configure:4605: checking for inttypes.h
configure:4605: gcc -c   conftest.c >&5
configure:4605: $? = 0
configure:4605: result: yes
configure:4605: checking for stdint.h
configure:4605: gcc -c   conftest.c >&5
configure:4605: $? = 0
configure:4605: result: yes
configure:4605: checking for unistd.h
configure:4605: gcc -c   conftest.c >&5
configure:4605: $? = 0
configure:4605: result: yes
configure:4618: checking minix/config.h usability
configure:4618: gcc -c   conftest.c >&5
conftest.c:54:26: fatal error: minix/config.h: No such file or directory
 #include <minix/config.h>
                          ^
compilation terminated.
configure:4618: $? = 1
configure: failed program was:
| /* confdefs.h */
| #define PACKAGE_NAME "SmartPublicLight"
| #define PACKAGE_TARNAME "smartpubliclight"
| #define PACKAGE_VERSION "2.0.1"
| #define PACKAGE_STRING "SmartPublicLight 2.0.1"
| #define PACKAGE_BUGREPORT ""
| #define PACKAGE_URL ""
| #define PACKAGE "smartpubliclight"
| #define VERSION "2.0.1"
| #define STDC_HEADERS 1
| #define HAVE_SYS_TYPES_H 1
| #define HAVE_SYS_STAT_H 1
| #define HAVE_STDLIB_H 1
| #define HAVE_STRING_H 1
| #define HAVE_MEMORY_H 1
| #define HAVE_STRINGS_H 1
| #define HAVE_INTTYPES_H 1
| #define HAVE_STDINT_H 1
| #define HAVE_UNISTD_H 1
| /* end confdefs.h.  */
| #include <stdio.h>
| #ifdef HAVE_SYS_TYPES_H
| # include <sys/types.h>
| #endif
| #ifdef HAVE_SYS_STAT_H
| # include <sys/stat.h>
| #endif
| #ifdef STDC_HEADERS
| # include <stdlib.h>
| # include <stddef.h>
| #else
| # ifdef HAVE_STDLIB_H
| #  include <stdlib.h>
| # endif
| #endif
| #ifdef HAVE_STRING_H
| # if !defined STDC_HEADERS && defined HAVE_MEMORY_H
| #  include <memory.h>
| # endif
| # include <string.h>
| #endif
| #ifdef HAVE_STRINGS_H
| # include <strings.h>
| #endif
| #ifdef HAVE_INTTYPES_H
| # include <inttypes.h>
| #endif
| #ifdef HAVE_STDINT_H
| # include <stdint.h>
| #endif
| #ifdef HAVE_UNISTD_H
| # include <unistd.h>
| #endif
| #include <minix/config.h>
configure:4618: result: no
configure:4618: checking minix/config.h presence
configure:4618: gcc -E  conftest.c
conftest.c:21:26: fatal error: minix/config.h: No such file or directory
 #include <minix/config.h>
                          ^
compilation terminated.
configure:4618: $? = 1
configure: failed program was:
| /* confdefs.h */
| #define PACKAGE_NAME "SmartPublicLight"
| #define PACKAGE_TARNAME "smartpubliclight"
| #define PACKAGE_VERSION "2.0.1"
| #define PACKAGE_STRING "SmartPublicLight 2.0.1"
| #define PACKAGE_BUGREPORT ""
| #define PACKAGE_URL ""
| #define PACKAGE "smartpubliclight"
| #define VERSION "2.0.1"
| #define STDC_HEADERS 1
| #define HAVE_SYS_TYPES_H 1
| #define HAVE_SYS_STAT_H 1
| #define HAVE_STDLIB_H 1
| #define HAVE_STRING_H 1
| #define HAVE_MEMORY_H 1
| #define HAVE_STRINGS_H 1
| #define HAVE_INTTYPES_H 1
| #define HAVE_STDINT_H 1
| #define HAVE_UNISTD_H 1
| /* end confdefs.h.  */
| #include <minix/config.h>
configure:4618: result: no
configure:4618: checking for minix/config.h
configure:4618: result: no
configure:4639: checking whether it is safe to define __EXTENSIONS__
configure:4657: gcc -c   conftest.c >&5
configure:4657: $? = 0
configure:4664: result: yes
configure:4730: checking for gcc
configure:4757: result: gcc
configure:4986: checking for C compiler version
configure:4995: gcc --version >&5
gcc (Debian 4.9.2-10) 4.9.2
Copyright (C) 2014 Free Software Foundation, Inc.
This is free software; see the source for copying conditions.  There is NO
warranty; not even for MERCHANTABILITY or FITNESS FOR A PARTICULAR PURPOSE.

configure:5006: $? = 0
configure:4995: gcc -v >&5
Using built-in specs.
COLLECT_GCC=gcc
COLLECT_LTO_WRAPPER=/usr/lib/gcc/x86_64-linux-gnu/4.9/lto-wrapper
Target: x86_64-linux-gnu
Configured with: ../src/configure -v --with-pkgversion='Debian 4.9.2-10' --with-bugurl=file:///usr/share/doc/gcc-4.9/README.Bugs --enable-languages=c,c++,java,go,d,fortran,objc,obj-c++ --prefix=/usr --program-suffix=-4.9 --enable-shared --enable-linker-build-id --libexecdir=/usr/lib --without-included-gettext --enable-threads=posix --with-gxx-include-dir=/usr/include/c++/4.9 --libdir=/usr/lib --enable-nls --with-sysroot=/ --enable-clocale=gnu --enable-libstdcxx-debug --enable-libstdcxx-time=yes --enable-gnu-unique-object --disable-vtable-verify --enable-plugin --with-system-zlib --disable-browser-plugin --enable-java-awt=gtk --enable-gtk-cairo --with-java-home=/usr/lib/jvm/java-1.5.0-gcj-4.9-amd64/jre --enable-java-home --with-jvm-root-dir=/usr/lib/jvm/java-1.5.0-gcj-4.9-amd64 --with-jvm-jar-dir=/usr/lib/jvm-exports/java-1.5.0-gcj-4.9-amd64 --with-arch-directory=amd64 --with-ecj-jar=/usr/share/java/eclipse-ecj.jar --enable-objc-gc --enable-multiarch --with-arch-32=i586 --with-abi=m64 --with-multilib-list=m32,m64,mx32 --enable-multilib --with-tune=generic --enable-checking=release --build=x86_64-linux-gnu --host=x86_64-linux-gnu --target=x86_64-linux-gnu
Thread model: posix
gcc version 4.9.2 (Debian 4.9.2-10) 
configure:5006: $? = 0
configure:4995: gcc -V >&5
gcc: error: unrecognized command line option '-V'
gcc: fatal error: no input files
compilation terminated.
configure:5006: $? = 4
configure:4995: gcc -qversion >&5
gcc: error: unrecognized command line option '-qversion'
gcc: fatal error: no input files
compilation terminated.
configure:5006: $? = 4
configure:5010: checking whether we are using the GNU C compiler
configure:5038: result: yes
configure:5047: checking whether gcc accepts -g
configure:5108: result: yes
configure:5125: checking for gcc option to accept ISO C89
configure:5201: result: none needed
configure:5226: checking whether gcc understands -c and -o together
configure:5263: result: yes
configure:5282: checking dependency style of gcc
configure:5393: result: gcc3
configure:5467: checking for g++
configure:5483: found /usr/bin/g++
configure:5494: result: g++
configure:5521: checking for C++ compiler version
configure:5530: g++ --version >&5
g++ (Debian 4.9.2-10) 4.9.2
Copyright (C) 2014 Free Software Foundation, Inc.
This is free software; see the source for copying conditions.  There is NO
warranty; not even for MERCHANTABILITY or FITNESS FOR A PARTICULAR PURPOSE.

configure:5541: $? = 0
configure:5530: g++ -v >&5
Using built-in specs.
COLLECT_GCC=g++
COLLECT_LTO_WRAPPER=/usr/lib/gcc/x86_64-linux-gnu/4.9/lto-wrapper
Target: x86_64-linux-gnu
Configured with: ../src/configure -v --with-pkgversion='Debian 4.9.2-10' --with-bugurl=file:///usr/share/doc/gcc-4.9/README.Bugs --enable-languages=c,c++,java,go,d,fortran,objc,obj-c++ --prefix=/usr --program-suffix=-4.9 --enable-shared --enable-linker-build-id --libexecdir=/usr/lib --without-included-gettext --enable-threads=posix --with-gxx-include-dir=/usr/include/c++/4.9 --libdir=/usr/lib --enable-nls --with-sysroot=/ --enable-clocale=gnu --enable-libstdcxx-debug --enable-libstdcxx-time=yes --enable-gnu-unique-object --disable-vtable-verify --enable-plugin --with-system-zlib --disable-browser-plugin --enable-java-awt=gtk --enable-gtk-cairo --with-java-home=/usr/lib/jvm/java-1.5.0-gcj-4.9-amd64/jre --enable-java-home --with-jvm-root-dir=/usr/lib/jvm/java-1.5.0-gcj-4.9-amd64 --with-jvm-jar-dir=/usr/lib/jvm-exports/java-1.5.0-gcj-4.9-amd64 --with-arch-directory=amd64 --with-ecj-jar=/usr/share/java/eclipse-ecj.jar --enable-objc-gc --enable-multiarch --with-arch-32=i586 --with-abi=m64 --with-multilib-list=m32,m64,mx32 --enable-multilib --with-tune=generic --enable-checking=release --build=x86_64-linux-gnu --host=x86_64-linux-gnu --target=x86_64-linux-gnu
Thread model: posix
gcc version 4.9.2 (Debian 4.9.2-10) 
configure:5541: $? = 0
configure:5530: g++ -V >&5
g++: error: unrecognized command line option '-V'
g++: fatal error: no input files
compilation terminated.
configure:5541: $? = 4
configure:5530: g++ -qversion >&5
g++: error: unrecognized command line option '-qversion'
g++: fatal error: no input files
compilation terminated.
configure:5541: $? = 4
configure:5545: checking whether we are using the GNU C++ compiler
configure:5564: g++ -c   conftest.cpp >&5
configure:5564: $? = 0
configure:5573: result: yes
configure:5582: checking whether g++ accepts -g
configure:5602: g++ -c -g  conftest.cpp >&5
configure:5602: $? = 0
configure:5643: result: yes
configure:5668: checking dependency style of g++
configure:5779: result: gcc3
configure:5799: checking how to run the C++ preprocessor
configure:5826: g++ -E  conftest.cpp
configure:5826: $? = 0
configure:5840: g++ -E  conftest.cpp
conftest.cpp:26:28: fatal error: ac_nonexistent.h: No such file or directory
 #include <ac_nonexistent.h>
                            ^
compilation terminated.
configure:5840: $? = 1
configure: failed program was:
| /* confdefs.h */
| #define PACKAGE_NAME "SmartPublicLight"
| #define PACKAGE_TARNAME "smartpubliclight"
| #define PACKAGE_VERSION "2.0.1"
| #define PACKAGE_STRING "SmartPublicLight 2.0.1"
| #define PACKAGE_BUGREPORT ""
| #define PACKAGE_URL ""
| #define PACKAGE "smartpubliclight"
| #define VERSION "2.0.1"
| #define STDC_HEADERS 1
| #define HAVE_SYS_TYPES_H 1
| #define HAVE_SYS_STAT_H 1
| #define HAVE_STDLIB_H 1
| #define HAVE_STRING_H 1
| #define HAVE_MEMORY_H 1
| #define HAVE_STRINGS_H 1
| #define HAVE_INTTYPES_H 1
| #define HAVE_STDINT_H 1
| #define HAVE_UNISTD_H 1
| #define __EXTENSIONS__ 1
| #define _ALL_SOURCE 1
| #define _GNU_SOURCE 1
| #define _POSIX_PTHREAD_SEMANTICS 1
| #define _TANDEM_SOURCE 1
| /* end confdefs.h.  */
| #include <ac_nonexistent.h>
configure:5865: result: g++ -E
configure:5885: g++ -E  conftest.cpp
configure:5885: $? = 0
configure:5899: g++ -E  conftest.cpp
conftest.cpp:26:28: fatal error: ac_nonexistent.h: No such file or directory
 #include <ac_nonexistent.h>
                            ^
compilation terminated.
configure:5899: $? = 1
configure: failed program was:
| /* confdefs.h */
| #define PACKAGE_NAME "SmartPublicLight"
| #define PACKAGE_TARNAME "smartpubliclight"
| #define PACKAGE_VERSION "2.0.1"
| #define PACKAGE_STRING "SmartPublicLight 2.0.1"
| #define PACKAGE_BUGREPORT ""
| #define PACKAGE_URL ""
| #define PACKAGE "smartpubliclight"
| #define VERSION "2.0.1"
| #define STDC_HEADERS 1
| #define HAVE_SYS_TYPES_H 1
| #define HAVE_SYS_STAT_H 1
| #define HAVE_STDLIB_H 1
| #define HAVE_STRING_H 1
| #define HAVE_MEMORY_H 1
| #define HAVE_STRINGS_H 1
| #define HAVE_INTTYPES_H 1
| #define HAVE_STDINT_H 1
| #define HAVE_UNISTD_H 1
| #define __EXTENSIONS__ 1
| #define _ALL_SOURCE 1
| #define _GNU_SOURCE 1
| #define _POSIX_PTHREAD_SEMANTICS 1
| #define _TANDEM_SOURCE 1
| /* end confdefs.h.  */
| #include <ac_nonexistent.h>
configure:5932: checking whether g++ understands -c and -o together
configure:5956: g++  -c conftest.cpp -o conftest2.o >&5
configure:5960: $? = 0
configure:5967: g++  -c conftest.cpp -o conftest2.o >&5
configure:5971: $? = 0
configure:5979: result: yes
configure:6000: checking whether ln -s works
configure:6004: result: yes
configure:6012: checking whether NLS is requested
configure:6021: result: yes
configure:6049: checking for intltool-update
configure:6067: found /usr/bin/intltool-update
configure:6079: result: /usr/bin/intltool-update
configure:6089: checking for intltool-merge
configure:6107: found /usr/bin/intltool-merge
configure:6119: result: /usr/bin/intltool-merge
configure:6129: checking for intltool-extract
configure:6147: found /usr/bin/intltool-extract
configure:6159: result: /usr/bin/intltool-extract
configure:6313: checking for xgettext
configure:6331: found /usr/bin/xgettext
configure:6343: result: /usr/bin/xgettext
configure:6353: checking for msgmerge
configure:6371: found /usr/bin/msgmerge
configure:6383: result: /usr/bin/msgmerge
configure:6393: checking for msgfmt
configure:6411: found /usr/bin/msgfmt
configure:6423: result: /usr/bin/msgfmt
configure:6433: checking for gmsgfmt
configure:6464: result: /usr/bin/msgfmt
configure:6484: checking for perl
configure:6502: found /usr/bin/perl
configure:6514: result: /usr/bin/perl
configure:6525: checking for perl >= 5.8.1
configure:6532: result: 5.20.2
configure:6536: checking for XML::Parser
configure:6539: result: ok
configure:6564: gcc -o conftest    conftest.c  >&5
configure:6564: $? = 0
configure:6652: checking build system type
configure:6666: result: x86_64-unknown-linux-gnu
configure:6686: checking host system type
configure:6699: result: x86_64-unknown-linux-gnu
configure:6740: checking how to print strings
configure:6767: result: printf
configure:6788: checking for a sed that does not truncate output
configure:6852: result: /bin/sed
configure:6870: checking for fgrep
configure:6932: result: /bin/grep -F
configure:6967: checking for ld used by gcc
configure:7034: result: /usr/bin/ld
configure:7041: checking if the linker (/usr/bin/ld) is GNU ld
configure:7056: result: yes
configure:7068: checking for BSD- or MS-compatible name lister (nm)
configure:7117: result: /usr/bin/nm -B
configure:7247: checking the name lister (/usr/bin/nm -B) interface
configure:7254: gcc -c   conftest.c >&5
configure:7257: /usr/bin/nm -B "conftest.o"
configure:7260: output
0000000000000000 B some_variable
configure:7267: result: BSD nm
configure:7271: checking the maximum length of command line arguments
configure:7402: result: 1572864
configure:7419: checking whether the shell understands some XSI constructs
configure:7429: result: yes
configure:7433: checking whether the shell understands "+="
configure:7439: result: yes
configure:7474: checking how to convert x86_64-unknown-linux-gnu file names to x86_64-unknown-linux-gnu format
configure:7514: result: func_convert_file_noop
configure:7521: checking how to convert x86_64-unknown-linux-gnu file names to toolchain format
configure:7541: result: func_convert_file_noop
configure:7548: checking for /usr/bin/ld option to reload object files
configure:7555: result: -r
configure:7629: checking for objdump
configure:7645: found /usr/bin/objdump
configure:7656: result: objdump
configure:7688: checking how to recognize dependent libraries
configure:7886: result: pass_all
configure:7971: checking for dlltool
configure:8001: result: no
configure:8031: checking how to associate runtime and link libraries
configure:8058: result: printf %s\n
configure:8118: checking for ar
configure:8134: found /usr/bin/ar
configure:8145: result: ar
configure:8182: checking for archiver @FILE support
configure:8199: gcc -c   conftest.c >&5
configure:8199: $? = 0
configure:8202: ar cru libconftest.a @conftest.lst >&5
configure:8205: $? = 0
configure:8210: ar cru libconftest.a @conftest.lst >&5
ar: conftest.o: No such file or directory
configure:8213: $? = 1
configure:8225: result: @
configure:8283: checking for strip
configure:8299: found /usr/bin/strip
configure:8310: result: strip
configure:8382: checking for ranlib
configure:8398: found /usr/bin/ranlib
configure:8409: result: ranlib
configure:8511: checking command to parse /usr/bin/nm -B output from gcc object
configure:8631: gcc -c   conftest.c >&5
configure:8634: $? = 0
configure:8638: /usr/bin/nm -B conftest.o \| sed -n -e 's/^.*[ ]\([ABCDGIRSTW][ABCDGIRSTW]*\)[ ][ ]*\([_A-Za-z][_A-Za-z0-9]*\)$/\1 \2 \2/p' | sed '/ __gnu_lto/d' \> conftest.nm
configure:8641: $? = 0
configure:8707: gcc -o conftest    conftest.c conftstm.o >&5
configure:8710: $? = 0
configure:8748: result: ok
configure:8785: checking for sysroot
configure:8815: result: no
configure:8892: gcc -c   conftest.c >&5
configure:8895: $? = 0
configure:9084: checking for mt
configure:9100: found /bin/mt
configure:9111: result: mt
configure:9134: checking if mt is a manifest tool
configure:9140: mt '-?'
configure:9148: result: no
configure:9787: checking for dlfcn.h
configure:9787: gcc -c   conftest.c >&5
configure:9787: $? = 0
configure:9787: result: yes
configure:9974: checking for objdir
configure:9989: result: .libs
configure:10260: checking if gcc supports -fno-rtti -fno-exceptions
configure:10278: gcc -c   -fno-rtti -fno-exceptions conftest.c >&5
cc1: warning: command line option '-fno-rtti' is valid for C++/ObjC++ but not for C
configure:10282: $? = 0
configure:10295: result: no
configure:10622: checking for gcc option to produce PIC
configure:10629: result: -fPIC -DPIC
configure:10637: checking if gcc PIC flag -fPIC -DPIC works
configure:10655: gcc -c   -fPIC -DPIC -DPIC conftest.c >&5
configure:10659: $? = 0
configure:10672: result: yes
configure:10701: checking if gcc static flag -static works
configure:10729: result: yes
configure:10744: checking if gcc supports -c -o file.o
configure:10765: gcc -c   -o out/conftest2.o conftest.c >&5
configure:10769: $? = 0
configure:10791: result: yes
configure:10799: checking if gcc supports -c -o file.o
configure:10846: result: yes
configure:10879: checking whether the gcc linker (/usr/bin/ld -m elf_x86_64) supports shared libraries
configure:12036: result: yes
configure:12073: checking whether -lc should be explicitly linked in
configure:12081: gcc -c   conftest.c >&5
configure:12084: $? = 0
configure:12099: gcc -shared  -fPIC -DPIC conftest.o  -v -Wl,-soname -Wl,conftest -o conftest 2\>\&1 \| /bin/grep  -lc  \>/dev/null 2\>\&1
configure:12102: $? = 0
configure:12116: result: no
configure:12276: checking dynamic linker characteristics
configure:12776: gcc -o conftest    -Wl,-rpath -Wl,/foo conftest.c  >&5
configure:12776: $? = 0
configure:13010: result: GNU/Linux ld.so
configure:13117: checking how to hardcode library paths into programs
configure:13142: result: immediate
configure:13682: checking whether stripping libraries is possible
configure:13687: result: yes
configure:13722: checking if libtool supports shared libraries
configure:13724: result: yes
configure:13727: checking whether to build shared libraries
configure:13748: result: yes
configure:13751: checking whether to build static libraries
configure:13755: result: no
configure:13778: checking how to run the C++ preprocessor
configure:13844: result: g++ -E
configure:13864: g++ -E  conftest.cpp
configure:13864: $? = 0
configure:13878: g++ -E  conftest.cpp
conftest.cpp:28:28: fatal error: ac_nonexistent.h: No such file or directory
 #include <ac_nonexistent.h>
                            ^
compilation terminated.
configure:13878: $? = 1
configure: failed program was:
| /* confdefs.h */
| #define PACKAGE_NAME "SmartPublicLight"
| #define PACKAGE_TARNAME "smartpubliclight"
| #define PACKAGE_VERSION "2.0.1"
| #define PACKAGE_STRING "SmartPublicLight 2.0.1"
| #define PACKAGE_BUGREPORT ""
| #define PACKAGE_URL ""
| #define PACKAGE "smartpubliclight"
| #define VERSION "2.0.1"
| #define STDC_HEADERS 1
| #define HAVE_SYS_TYPES_H 1
| #define HAVE_SYS_STAT_H 1
| #define HAVE_STDLIB_H 1
| #define HAVE_STRING_H 1
| #define HAVE_MEMORY_H 1
| #define HAVE_STRINGS_H 1
| #define HAVE_INTTYPES_H 1
| #define HAVE_STDINT_H 1
| #define HAVE_UNISTD_H 1
| #define __EXTENSIONS__ 1
| #define _ALL_SOURCE 1
| #define _GNU_SOURCE 1
| #define _POSIX_PTHREAD_SEMANTICS 1
| #define _TANDEM_SOURCE 1
| #define HAVE_DLFCN_H 1
| #define LT_OBJDIR ".libs/"
| /* end confdefs.h.  */
| #include <ac_nonexistent.h>
configure:14047: checking for ld used by g++
configure:14114: result: /usr/bin/ld -m elf_x86_64
configure:14121: checking if the linker (/usr/bin/ld -m elf_x86_64) is GNU ld
configure:14136: result: yes
configure:14191: checking whether the g++ linker (/usr/bin/ld -m elf_x86_64) supports shared libraries
configure:15193: result: yes
configure:15229: g++ -c   conftest.cpp >&5
configure:15232: $? = 0
configure:15752: checking for g++ option to produce PIC
configure:15759: result: -fPIC -DPIC
configure:15767: checking if g++ PIC flag -fPIC -DPIC works
configure:15785: g++ -c   -fPIC -DPIC -DPIC conftest.cpp >&5
configure:15789: $? = 0
configure:15802: result: yes
configure:15825: checking if g++ static flag -static works
configure:15853: result: yes
configure:15865: checking if g++ supports -c -o file.o
configure:15886: g++ -c   -o out/conftest2.o conftest.cpp >&5
configure:15890: $? = 0
configure:15912: result: yes
configure:15917: checking if g++ supports -c -o file.o
configure:15964: result: yes
configure:15994: checking whether the g++ linker (/usr/bin/ld -m elf_x86_64) supports shared libraries
configure:16033: result: yes
configure:16174: checking dynamic linker characteristics
configure:16842: result: GNU/Linux ld.so
configure:16895: checking how to hardcode library paths into programs
configure:16920: result: immediate
configure:16989: checking fcntl.h usability
configure:16989: gcc -c   conftest.c >&5
configure:16989: $? = 0
configure:16989: result: yes
configure:16989: checking fcntl.h presence
configure:16989: gcc -E  conftest.c
configure:16989: $? = 0
configure:16989: result: yes
configure:16989: checking for fcntl.h
configure:16989: result: yes
configure:16989: checking fnmatch.h usability
configure:16989: gcc -c   conftest.c >&5
configure:16989: $? = 0
configure:16989: result: yes
configure:16989: checking fnmatch.h presence
configure:16989: gcc -E  conftest.c
configure:16989: $? = 0
configure:16989: result: yes
configure:16989: checking for fnmatch.h
configure:16989: result: yes
configure:16989: checking glob.h usability
configure:16989: gcc -c   conftest.c >&5
configure:16989: $? = 0
configure:16989: result: yes
configure:16989: checking glob.h presence
configure:16989: gcc -E  conftest.c
configure:16989: $? = 0
configure:16989: result: yes
configure:16989: checking for glob.h
configure:16989: result: yes
configure:16989: checking regex.h usability
configure:16989: gcc -c   conftest.c >&5
configure:16989: $? = 0
configure:16989: result: yes
configure:16989: checking regex.h presence
configure:16989: gcc -E  conftest.c
configure:16989: $? = 0
configure:16989: result: yes
configure:16989: checking for regex.h
configure:16989: result: yes
configure:16989: checking for stdlib.h
configure:16989: result: yes
configure:16989: checking sys/time.h usability
configure:16989: gcc -c   conftest.c >&5
configure:16989: $? = 0
configure:16989: result: yes
configure:16989: checking sys/time.h presence
configure:16989: gcc -E  conftest.c
configure:16989: $? = 0
configure:16989: result: yes
configure:16989: checking for sys/time.h
configure:16989: result: yes
configure:17001: checking for off_t
configure:17001: gcc -c   conftest.c >&5
configure:17001: $? = 0
configure:17001: gcc -c   conftest.c >&5
conftest.c: In function 'main':
conftest.c:70:20: error: expected expression before ')' token
 if (sizeof ((off_t)))
                    ^
configure:17001: $? = 1
configure: failed program was:
| /* confdefs.h */
| #define PACKAGE_NAME "SmartPublicLight"
| #define PACKAGE_TARNAME "smartpubliclight"
| #define PACKAGE_VERSION "2.0.1"
| #define PACKAGE_STRING "SmartPublicLight 2.0.1"
| #define PACKAGE_BUGREPORT ""
| #define PACKAGE_URL ""
| #define PACKAGE "smartpubliclight"
| #define VERSION "2.0.1"
| #define STDC_HEADERS 1
| #define HAVE_SYS_TYPES_H 1
| #define HAVE_SYS_STAT_H 1
| #define HAVE_STDLIB_H 1
| #define HAVE_STRING_H 1
| #define HAVE_MEMORY_H 1
| #define HAVE_STRINGS_H 1
| #define HAVE_INTTYPES_H 1
| #define HAVE_STDINT_H 1
| #define HAVE_UNISTD_H 1
| #define __EXTENSIONS__ 1
| #define _ALL_SOURCE 1
| #define _GNU_SOURCE 1
| #define _POSIX_PTHREAD_SEMANTICS 1
| #define _TANDEM_SOURCE 1
| #define HAVE_DLFCN_H 1
| #define LT_OBJDIR ".libs/"
| #define HAVE_FCNTL_H 1
| #define HAVE_FNMATCH_H 1
| #define HAVE_GLOB_H 1
| #define HAVE_REGEX_H 1
| #define HAVE_STDLIB_H 1
| #define HAVE_SYS_TIME_H 1
| /* end confdefs.h.  */
| #include <stdio.h>
| #ifdef HAVE_SYS_TYPES_H
| # include <sys/types.h>
| #endif
| #ifdef HAVE_SYS_STAT_H
| # include <sys/stat.h>
| #endif
| #ifdef STDC_HEADERS
| # include <stdlib.h>
| # include <stddef.h>
| #else
| # ifdef HAVE_STDLIB_H
| #  include <stdlib.h>
| # endif
| #endif
| #ifdef HAVE_STRING_H
| # if !defined STDC_HEADERS && defined HAVE_MEMORY_H
| #  include <memory.h>
| # endif
| # include <string.h>
| #endif
| #ifdef HAVE_STRINGS_H
| # include <strings.h>
| #endif
| #ifdef HAVE_INTTYPES_H
| # include <inttypes.h>
| #endif
| #ifdef HAVE_STDINT_H
| # include <stdint.h>
| #endif
| #ifdef HAVE_UNISTD_H
| # include <unistd.h>
| #endif
| int
| main ()
| {
| if (sizeof ((off_t)))
| 	    return 0;
|   ;
|   return 0;
| }
configure:17001: result: yes
configure:17012: checking for size_t
configure:17012: gcc -c   conftest.c >&5
configure:17012: $? = 0
configure:17012: gcc -c   conftest.c >&5
conftest.c: In function 'main':
conftest.c:70:21: error: expected expression before ')' token
 if (sizeof ((size_t)))
                     ^
configure:17012: $? = 1
configure: failed program was:
| /* confdefs.h */
| #define PACKAGE_NAME "SmartPublicLight"
| #define PACKAGE_TARNAME "smartpubliclight"
| #define PACKAGE_VERSION "2.0.1"
| #define PACKAGE_STRING "SmartPublicLight 2.0.1"
| #define PACKAGE_BUGREPORT ""
| #define PACKAGE_URL ""
| #define PACKAGE "smartpubliclight"
| #define VERSION "2.0.1"
| #define STDC_HEADERS 1
| #define HAVE_SYS_TYPES_H 1
| #define HAVE_SYS_STAT_H 1
| #define HAVE_STDLIB_H 1
| #define HAVE_STRING_H 1
| #define HAVE_MEMORY_H 1
| #define HAVE_STRINGS_H 1
| #define HAVE_INTTYPES_H 1
| #define HAVE_STDINT_H 1
| #define HAVE_UNISTD_H 1
| #define __EXTENSIONS__ 1
| #define _ALL_SOURCE 1
| #define _GNU_SOURCE 1
| #define _POSIX_PTHREAD_SEMANTICS 1
| #define _TANDEM_SOURCE 1
| #define HAVE_DLFCN_H 1
| #define LT_OBJDIR ".libs/"
| #define HAVE_FCNTL_H 1
| #define HAVE_FNMATCH_H 1
| #define HAVE_GLOB_H 1
| #define HAVE_REGEX_H 1
| #define HAVE_STDLIB_H 1
| #define HAVE_SYS_TIME_H 1
| /* end confdefs.h.  */
| #include <stdio.h>
| #ifdef HAVE_SYS_TYPES_H
| # include <sys/types.h>
| #endif
| #ifdef HAVE_SYS_STAT_H
| # include <sys/stat.h>
| #endif
| #ifdef STDC_HEADERS
| # include <stdlib.h>
| # include <stddef.h>
| #else
| # ifdef HAVE_STDLIB_H
| #  include <stdlib.h>
| # endif
| #endif
| #ifdef HAVE_STRING_H
| # if !defined STDC_HEADERS && defined HAVE_MEMORY_H
| #  include <memory.h>
| # endif
| # include <string.h>
| #endif
| #ifdef HAVE_STRINGS_H
| # include <strings.h>
| #endif
| #ifdef HAVE_INTTYPES_H
| # include <inttypes.h>
| #endif
| #ifdef HAVE_STDINT_H
| # include <stdint.h>
| #endif
| #ifdef HAVE_UNISTD_H
| # include <unistd.h>
| #endif
| int
| main ()
| {
| if (sizeof ((size_t)))
| 	    return 0;
|   ;
|   return 0;
| }
configure:17012: result: yes
configure:17023: checking whether struct tm is in sys/time.h or time.h
configure:17043: gcc -c   conftest.c >&5
configure:17043: $? = 0
configure:17050: result: time.h
configure:17113: checking for pkg-config
configure:17131: found /usr/bin/pkg-config
configure:17143: result: /usr/bin/pkg-config
configure:17168: checking pkg-config is at least version 0.9.0
configure:17171: result: yes
configure:17181: checking for CAIRO
configure:17188: $PKG_CONFIG --exists --print-errors "cairo >= 1.8"
configure:17191: $? = 0
configure:17205: $PKG_CONFIG --exists --print-errors "cairo >= 1.8"
configure:17208: $? = 0
configure:17266: result: yes
configure:17272: checking for SOUP24
configure:17279: $PKG_CONFIG --exists --print-errors "libsoup-2.4"
configure:17282: $? = 0
configure:17296: $PKG_CONFIG --exists --print-errors "libsoup-2.4"
configure:17299: $? = 0
configure:17357: result: yes
configure:17366: checking for gethostname
configure:17366: gcc -o conftest    conftest.c  >&5
configure:17366: $? = 0
configure:17366: result: yes
configure:17366: checking for ftruncate
configure:17366: gcc -o conftest    conftest.c  >&5
configure:17366: $? = 0
configure:17366: result: yes
configure:17366: checking for fgetpos
configure:17366: gcc -o conftest    conftest.c  >&5
configure:17366: $? = 0
configure:17366: result: yes
configure:17366: checking for mkstemp
configure:17366: gcc -o conftest    conftest.c  >&5
configure:17366: $? = 0
configure:17366: result: yes
configure:17366: checking for strerror
configure:17366: gcc -o conftest    conftest.c  >&5
configure:17366: $? = 0
configure:17366: result: yes
configure:17366: checking for strstr
configure:17366: gcc -o conftest    conftest.c  >&5
conftest.c:62:6: warning: conflicting types for built-in function 'strstr'
 char strstr ();
      ^
configure:17366: $? = 0
configure:17366: result: yes
configure:17414: checking for soapcpp2
configure:17432: found ../../resource/gsoap-2.8/gsoap/bin/linux386//soapcpp2
configure:17445: result: ../../resource/gsoap-2.8/gsoap/bin/linux386//soapcpp2
configure:17492: checking for xml2-config
configure:17510: found /usr/bin/xml2-config
configure:17522: result: /usr/bin/xml2-config
configure:17535: checking for libxml >= 2.6.11
configure:17553: result: 2.9.1
configure:17606: checking whether binary relocation support should be enabled
configure:17656: result: no
configure:17673: checking for GTK
configure:17680: $PKG_CONFIG --exists --print-errors "$gtk_modules"
configure:17683: $? = 0
configure:17697: $PKG_CONFIG --exists --print-errors "$gtk_modules"
configure:17700: $? = 0
configure:17758: result: yes
configure:17767: checking for GTK2
configure:17774: $PKG_CONFIG --exists --print-errors "$gtk2_modules"
configure:17777: $? = 0
configure:17791: $PKG_CONFIG --exists --print-errors "$gtk2_modules"
configure:17794: $? = 0
configure:17852: result: yes
configure:17882: checking for GTHREAD
configure:17889: $PKG_CONFIG --exists --print-errors "$gthread_modules"
configure:17892: $? = 0
configure:17906: $PKG_CONFIG --exists --print-errors "$gthread_modules"
configure:17909: $? = 0
configure:17967: result: yes
configure:17978: checking for GMODULE
configure:17985: $PKG_CONFIG --exists --print-errors "$g_module"
configure:17988: $? = 0
configure:18002: $PKG_CONFIG --exists --print-errors "$g_module"
configure:18005: $? = 0
configure:18063: result: yes
configure:18129: checking for regcomp
configure:18129: gcc -o conftest   -I/usr/include/libxml2  conftest.c  >&5
configure:18129: $? = 0
configure:18129: result: yes
configure:18221: checking for library containing connect
configure:18252: gcc -o conftest   -I/usr/include/libxml2  conftest.c  >&5
configure:18252: $? = 0
configure:18269: result: none required
configure:18313: checking whether the force is with you
configure:18319: result: no
configure:18345: checking locale.h usability
configure:18345: gcc -c   -I/usr/include/libxml2 conftest.c >&5
configure:18345: $? = 0
configure:18345: result: yes
configure:18345: checking locale.h presence
configure:18345: gcc -E  -I/usr/include/libxml2 conftest.c
configure:18345: $? = 0
configure:18345: result: yes
configure:18345: checking for locale.h
configure:18345: result: yes
configure:18356: checking for LC_MESSAGES
configure:18372: gcc -o conftest   -I/usr/include/libxml2  conftest.c  >&5
configure:18372: $? = 0
configure:18380: result: yes
configure:18397: checking libintl.h usability
configure:18397: gcc -c   -I/usr/include/libxml2 conftest.c >&5
configure:18397: $? = 0
configure:18397: result: yes
configure:18397: checking libintl.h presence
configure:18397: gcc -E  -I/usr/include/libxml2 conftest.c
configure:18397: $? = 0
configure:18397: result: yes
configure:18397: checking for libintl.h
configure:18397: result: yes
configure:18405: checking for ngettext in libc
configure:18423: gcc -o conftest   -I/usr/include/libxml2  conftest.c  >&5
configure:18423: $? = 0
configure:18432: result: yes
configure:18436: checking for dgettext in libc
configure:18454: gcc -o conftest   -I/usr/include/libxml2  conftest.c  >&5
configure:18454: $? = 0
configure:18463: result: yes
configure:18470: checking for bind_textdomain_codeset
configure:18470: gcc -o conftest   -I/usr/include/libxml2  conftest.c  >&5
configure:18470: $? = 0
configure:18470: result: yes
configure:18746: checking for msgfmt
configure:18773: result: /usr/bin/msgfmt
configure:18784: checking for dcgettext
configure:18784: gcc -o conftest   -I/usr/include/libxml2  conftest.c   >&5
conftest.c:72:6: warning: conflicting types for built-in function 'dcgettext'
 char dcgettext ();
      ^
configure:18784: $? = 0
configure:18784: result: yes
configure:18794: checking if msgfmt accepts -c
configure:18809: $MSGFMT -c -o /dev/null conftest.foo
conftest.foo:3: warning: header field 'Language' missing in header
configure:18812: $? = 0
configure:18814: result: yes
configure:18824: checking for gmsgfmt
configure:18855: result: /usr/bin/msgfmt
configure:18865: checking for xgettext
configure:18892: result: /usr/bin/xgettext
configure:18911: gcc -o conftest   -I/usr/include/libxml2  conftest.c   >&5
configure:18911: $? = 0
configure:19191: checking that generated files are newer than configure
configure:19197: result: done
configure:19256: creating ./config.status

## ---------------- ##
## Cache variables. ##
## ---------------- ##

ac_cv_build=x86_64-unknown-linux-gnu
ac_cv_c_compiler_gnu=yes
ac_cv_cxx_compiler_gnu=yes
ac_cv_env_CAIRO_CFLAGS_set=
ac_cv_env_CAIRO_CFLAGS_value=
ac_cv_env_CAIRO_LIBS_set=
ac_cv_env_CAIRO_LIBS_value=
ac_cv_env_CCC_set=
ac_cv_env_CCC_value=
ac_cv_env_CC_set=
ac_cv_env_CC_value=
ac_cv_env_CFLAGS_set=set
ac_cv_env_CFLAGS_value=
ac_cv_env_CPPFLAGS_set=
ac_cv_env_CPPFLAGS_value=
ac_cv_env_CPP_set=
ac_cv_env_CPP_value=
ac_cv_env_CXXCPP_set=
ac_cv_env_CXXCPP_value=
ac_cv_env_CXXFLAGS_set=set
ac_cv_env_CXXFLAGS_value=
ac_cv_env_CXX_set=
ac_cv_env_CXX_value=
ac_cv_env_GMODULE_CFLAGS_set=
ac_cv_env_GMODULE_CFLAGS_value=
ac_cv_env_GMODULE_LIBS_set=
ac_cv_env_GMODULE_LIBS_value=
ac_cv_env_GTHREAD_CFLAGS_set=
ac_cv_env_GTHREAD_CFLAGS_value=
ac_cv_env_GTHREAD_LIBS_set=
ac_cv_env_GTHREAD_LIBS_value=
ac_cv_env_GTK2_CFLAGS_set=
ac_cv_env_GTK2_CFLAGS_value=
ac_cv_env_GTK2_LIBS_set=
ac_cv_env_GTK2_LIBS_value=
ac_cv_env_GTK_CFLAGS_set=
ac_cv_env_GTK_CFLAGS_value=
ac_cv_env_GTK_LIBS_set=
ac_cv_env_GTK_LIBS_value=
ac_cv_env_LDFLAGS_set=
ac_cv_env_LDFLAGS_value=
ac_cv_env_LIBS_set=
ac_cv_env_LIBS_value=
ac_cv_env_PKG_CONFIG_LIBDIR_set=
ac_cv_env_PKG_CONFIG_LIBDIR_value=
ac_cv_env_PKG_CONFIG_PATH_set=
ac_cv_env_PKG_CONFIG_PATH_value=
ac_cv_env_PKG_CONFIG_set=
ac_cv_env_PKG_CONFIG_value=
ac_cv_env_SOUP24_CFLAGS_set=
ac_cv_env_SOUP24_CFLAGS_value=
ac_cv_env_SOUP24_LIBS_set=
ac_cv_env_SOUP24_LIBS_value=
ac_cv_env_build_alias_set=
ac_cv_env_build_alias_value=
ac_cv_env_host_alias_set=
ac_cv_env_host_alias_value=
ac_cv_env_target_alias_set=
ac_cv_env_target_alias_value=
ac_cv_func_bind_textdomain_codeset=yes
ac_cv_func_dcgettext=yes
ac_cv_func_fgetpos=yes
ac_cv_func_ftruncate=yes
ac_cv_func_gethostname=yes
ac_cv_func_mkstemp=yes
ac_cv_func_regcomp=yes
ac_cv_func_strerror=yes
ac_cv_func_strstr=yes
ac_cv_header_dlfcn_h=yes
ac_cv_header_fcntl_h=yes
ac_cv_header_fnmatch_h=yes
ac_cv_header_glob_h=yes
ac_cv_header_inttypes_h=yes
ac_cv_header_libintl_h=yes
ac_cv_header_locale_h=yes
ac_cv_header_memory_h=yes
ac_cv_header_minix_config_h=no
ac_cv_header_regex_h=yes
ac_cv_header_stdc=yes
ac_cv_header_stdint_h=yes
ac_cv_header_stdlib_h=yes
ac_cv_header_string_h=yes
ac_cv_header_strings_h=yes
ac_cv_header_sys_stat_h=yes
ac_cv_header_sys_time_h=yes
ac_cv_header_sys_types_h=yes
ac_cv_header_unistd_h=yes
ac_cv_host=x86_64-unknown-linux-gnu
ac_cv_objext=o
ac_cv_path_EGREP='/bin/grep -E'
ac_cv_path_FGREP='/bin/grep -F'
ac_cv_path_GMSGFMT=/usr/bin/msgfmt
ac_cv_path_GREP=/bin/grep
ac_cv_path_INTLTOOL_EXTRACT=/usr/bin/intltool-extract
ac_cv_path_INTLTOOL_MERGE=/usr/bin/intltool-merge
ac_cv_path_INTLTOOL_PERL=/usr/bin/perl
ac_cv_path_INTLTOOL_UPDATE=/usr/bin/intltool-update
ac_cv_path_MSGFMT=/usr/bin/msgfmt
ac_cv_path_MSGMERGE=/usr/bin/msgmerge
ac_cv_path_SED=/bin/sed
ac_cv_path_SOAP_CPP=../../resource/gsoap-2.8/gsoap/bin/linux386//soapcpp2
ac_cv_path_XGETTEXT=/usr/bin/xgettext
ac_cv_path_XML2_CONFIG=/usr/bin/xml2-config
ac_cv_path_ac_pt_PKG_CONFIG=/usr/bin/pkg-config
ac_cv_path_install='/usr/bin/install -c'
ac_cv_path_mkdir=/bin/mkdir
ac_cv_prog_AWK=gawk
ac_cv_prog_CPP='gcc -E'
ac_cv_prog_CXXCPP='g++ -E'
ac_cv_prog_ac_ct_AR=ar
ac_cv_prog_ac_ct_CC=gcc
ac_cv_prog_ac_ct_CXX=g++
ac_cv_prog_ac_ct_MANIFEST_TOOL=mt
ac_cv_prog_ac_ct_OBJDUMP=objdump
ac_cv_prog_ac_ct_RANLIB=ranlib
ac_cv_prog_ac_ct_STRIP=strip
ac_cv_prog_cc_c89=
ac_cv_prog_cc_g=yes
ac_cv_prog_cxx_c_o=yes
ac_cv_prog_cxx_g=yes
ac_cv_prog_make_make_set=yes
ac_cv_safe_to_define___extensions__=yes
ac_cv_search_connect='none required'
ac_cv_struct_tm=time.h
ac_cv_type_off_t=yes
ac_cv_type_size_t=yes
am_cv_CC_dependencies_compiler_type=gcc3
am_cv_CXX_dependencies_compiler_type=gcc3
am_cv_make_support_nested_variables=yes
am_cv_prog_cc_c_o=yes
am_cv_val_LC_MESSAGES=yes
gt_cv_func_dgettext_libc=yes
gt_cv_func_dgettext_libintl=no
gt_cv_func_ngettext_libc=yes
gt_cv_have_gettext=yes
lt_cv_ar_at_file=@
lt_cv_archive_cmds_need_lc=no
lt_cv_deplibs_check_method=pass_all
lt_cv_file_magic_cmd='$MAGIC_CMD'
lt_cv_file_magic_test_file=
lt_cv_ld_reload_flag=-r
lt_cv_nm_interface='BSD nm'
lt_cv_objdir=.libs
lt_cv_path_LD=/usr/bin/ld
lt_cv_path_LDCXX='/usr/bin/ld -m elf_x86_64'
lt_cv_path_NM='/usr/bin/nm -B'
lt_cv_path_mainfest_tool=no
lt_cv_prog_compiler_c_o=yes
lt_cv_prog_compiler_c_o_CXX=yes
lt_cv_prog_compiler_pic='-fPIC -DPIC'
lt_cv_prog_compiler_pic_CXX='-fPIC -DPIC'
lt_cv_prog_compiler_pic_works=yes
lt_cv_prog_compiler_pic_works_CXX=yes
lt_cv_prog_compiler_rtti_exceptions=no
lt_cv_prog_compiler_static_works=yes
lt_cv_prog_compiler_static_works_CXX=yes
lt_cv_prog_gnu_ld=yes
lt_cv_prog_gnu_ldcxx=yes
lt_cv_sharedlib_from_linklib_cmd='printf %s\n'
lt_cv_shlibpath_overrides_runpath=no
lt_cv_sys_global_symbol_pipe='sed -n -e '\''s/^.*[	 ]\([ABCDGIRSTW][ABCDGIRSTW]*\)[	 ][	 ]*\([_A-Za-z][_A-Za-z0-9]*\)$/\1 \2 \2/p'\'' | sed '\''/ __gnu_lto/d'\'''
lt_cv_sys_global_symbol_to_c_name_address='sed -n -e '\''s/^: \([^ ]*\)[ ]*$/  {\"\1\", (void *) 0},/p'\'' -e '\''s/^[ABCDGIRSTW]* \([^ ]*\) \([^ ]*\)$/  {"\2", (void *) \&\2},/p'\'''
lt_cv_sys_global_symbol_to_c_name_address_lib_prefix='sed -n -e '\''s/^: \([^ ]*\)[ ]*$/  {\"\1\", (void *) 0},/p'\'' -e '\''s/^[ABCDGIRSTW]* \([^ ]*\) \(lib[^ ]*\)$/  {"\2", (void *) \&\2},/p'\'' -e '\''s/^[ABCDGIRSTW]* \([^ ]*\) \([^ ]*\)$/  {"lib\2", (void *) \&\2},/p'\'''
lt_cv_sys_global_symbol_to_cdecl='sed -n -e '\''s/^T .* \(.*\)$/extern int \1();/p'\'' -e '\''s/^[ABCDGIRSTW]* .* \(.*\)$/extern char \1;/p'\'''
lt_cv_sys_max_cmd_len=1572864
lt_cv_to_host_file_cmd=func_convert_file_noop
lt_cv_to_tool_file_cmd=func_convert_file_noop
pkg_cv_CAIRO_CFLAGS='-I/usr/include/cairo -I/usr/include/glib-2.0 -I/usr/lib/x86_64-linux-gnu/glib-2.0/include -I/usr/include/pixman-1 -I/usr/include/freetype2 -I/usr/include/libpng12 '
pkg_cv_CAIRO_LIBS='-lcairo '
pkg_cv_GMODULE_CFLAGS='-pthread -I/usr/include/glib-2.0 -I/usr/lib/x86_64-linux-gnu/glib-2.0/include '
pkg_cv_GMODULE_LIBS='-Wl,--export-dynamic -lgmodule-2.0 -pthread -lglib-2.0 '
pkg_cv_GTHREAD_CFLAGS='-pthread -I/usr/include/glib-2.0 -I/usr/lib/x86_64-linux-gnu/glib-2.0/include '
pkg_cv_GTHREAD_LIBS='-lgthread-2.0 -pthread -lglib-2.0 '
pkg_cv_GTK2_CFLAGS='-pthread -I/usr/include/gtk-2.0 -I/usr/lib/x86_64-linux-gnu/gtk-2.0/include -I/usr/include/gio-unix-2.0/ -I/usr/include/cairo -I/usr/include/pango-1.0 -I/usr/include/atk-1.0 -I/usr/include/cairo -I/usr/include/pixman-1 -I/usr/include/libpng12 -I/usr/include/gdk-pixbuf-2.0 -I/usr/include/libpng12 -I/usr/include/pango-1.0 -I/usr/include/harfbuzz -I/usr/include/pango-1.0 -I/usr/include/glib-2.0 -I/usr/lib/x86_64-linux-gnu/glib-2.0/include -I/usr/include/freetype2 '
pkg_cv_GTK2_LIBS='-lgtk-x11-2.0 -lgdk-x11-2.0 -lpangocairo-1.0 -latk-1.0 -lcairo -lgdk_pixbuf-2.0 -lgio-2.0 -lpangoft2-1.0 -lpango-1.0 -lgobject-2.0 -lglib-2.0 -lfontconfig -lfreetype '
pkg_cv_GTK_CFLAGS='-pthread -I/usr/include/gtk-3.0 -I/usr/include/at-spi2-atk/2.0 -I/usr/include/at-spi-2.0 -I/usr/include/dbus-1.0 -I/usr/lib/x86_64-linux-gnu/dbus-1.0/include -I/usr/include/gtk-3.0 -I/usr/include/gio-unix-2.0/ -I/usr/include/cairo -I/usr/include/pango-1.0 -I/usr/include/harfbuzz -I/usr/include/pango-1.0 -I/usr/include/atk-1.0 -I/usr/include/cairo -I/usr/include/pixman-1 -I/usr/include/freetype2 -I/usr/include/libpng12 -I/usr/include/gdk-pixbuf-2.0 -I/usr/include/libpng12 -I/usr/include/glib-2.0 -I/usr/lib/x86_64-linux-gnu/glib-2.0/include '
pkg_cv_GTK_LIBS='-lgtk-3 -lgdk-3 -lpangocairo-1.0 -lpango-1.0 -latk-1.0 -lcairo-gobject -lcairo -lgdk_pixbuf-2.0 -lgio-2.0 -lgobject-2.0 -lglib-2.0 '
pkg_cv_SOUP24_CFLAGS='-pthread -I/usr/include/libsoup-2.4 -I/usr/include/libxml2 -I/usr/include/glib-2.0 -I/usr/lib/x86_64-linux-gnu/glib-2.0/include '
pkg_cv_SOUP24_LIBS='-lsoup-2.4 -lgio-2.0 -lgobject-2.0 -lglib-2.0 '

## ----------------- ##
## Output variables. ##
## ----------------- ##

ACLOCAL='aclocal-1.14'
ALL_LINGUAS=''
AMDEPBACKSLASH='\'
AMDEP_FALSE='#'
AMDEP_TRUE=''
AMTAR='$${TAR-tar}'
AM_BACKSLASH='\'
AM_DEFAULT_V='$(AM_DEFAULT_VERBOSITY)'
AM_DEFAULT_VERBOSITY='0'
AM_V='$(V)'
AR='ar'
AUTOCONF='autoconf'
AUTOHEADER='autoheader'
AUTOMAKE='automake-1.14'
AWK='gawk'
CAIRO_CFLAGS='-I/usr/include/cairo -I/usr/include/glib-2.0 -I/usr/lib/x86_64-linux-gnu/glib-2.0/include -I/usr/include/pixman-1 -I/usr/include/freetype2 -I/usr/include/libpng12 '
CAIRO_LIBS='-lcairo '
CATALOGS=''
CATOBJEXT='.gmo'
CC='gcc'
CCDEPMODE='depmode=gcc3'
CFLAGS=''
CPP='gcc -E'
CPPFLAGS=' -I/usr/include/libxml2'
CXX='g++'
CXXCPP='g++ -E'
CXXDEPMODE='depmode=gcc3'
CXXFLAGS=''
CYGPATH_W='echo'
DATADIRNAME='share'
DEFS='-DHAVE_CONFIG_H'
DEPDIR='.deps'
DLLTOOL='false'
DSYMUTIL=''
DUMPBIN=''
ECHO_C=''
ECHO_N='-n'
ECHO_T=''
EGREP='/bin/grep -E'
EXEEXT=''
FGREP='/bin/grep -F'
GDL_OS='Debian_8.6_x64'
GETTEXT_PACKAGE='smartstreetlight'
GMODULE_CFLAGS='-pthread -I/usr/include/glib-2.0 -I/usr/lib/x86_64-linux-gnu/glib-2.0/include '
GMODULE_LIBS='-Wl,--export-dynamic -lgmodule-2.0 -pthread -lglib-2.0 '
GMOFILES=''
GMSGFMT='/usr/bin/msgfmt'
GREP='/bin/grep'
GTHREAD_CFLAGS='-pthread -I/usr/include/glib-2.0 -I/usr/lib/x86_64-linux-gnu/glib-2.0/include '
GTHREAD_LIBS='-lgthread-2.0 -pthread -lglib-2.0 '
GTK2_CFLAGS='-pthread -I/usr/include/gtk-2.0 -I/usr/lib/x86_64-linux-gnu/gtk-2.0/include -I/usr/include/gio-unix-2.0/ -I/usr/include/cairo -I/usr/include/pango-1.0 -I/usr/include/atk-1.0 -I/usr/include/cairo -I/usr/include/pixman-1 -I/usr/include/libpng12 -I/usr/include/gdk-pixbuf-2.0 -I/usr/include/libpng12 -I/usr/include/pango-1.0 -I/usr/include/harfbuzz -I/usr/include/pango-1.0 -I/usr/include/glib-2.0 -I/usr/lib/x86_64-linux-gnu/glib-2.0/include -I/usr/include/freetype2 '
GTK2_LIBS='-lgtk-x11-2.0 -lgdk-x11-2.0 -lpangocairo-1.0 -latk-1.0 -lcairo -lgdk_pixbuf-2.0 -lgio-2.0 -lpangoft2-1.0 -lpango-1.0 -lgobject-2.0 -lglib-2.0 -lfontconfig -lfreetype '
GTK3_CFLAGS='-DGTK_DISABLE_SINGLE_INCLUDES -DGDK_DISABLE_DEPRECATED -DGTK_DISABLE_DEPRECATED -DGSEAL_ENABLE -DGDK_PIXBUF_DISABLE_DEPRECATED -DG_DISABLE_DEPRECATED'
GTK_CFLAGS='-pthread -I/usr/include/gtk-3.0 -I/usr/include/at-spi2-atk/2.0 -I/usr/include/at-spi-2.0 -I/usr/include/dbus-1.0 -I/usr/lib/x86_64-linux-gnu/dbus-1.0/include -I/usr/include/gtk-3.0 -I/usr/include/gio-unix-2.0/ -I/usr/include/cairo -I/usr/include/pango-1.0 -I/usr/include/harfbuzz -I/usr/include/pango-1.0 -I/usr/include/atk-1.0 -I/usr/include/cairo -I/usr/include/pixman-1 -I/usr/include/freetype2 -I/usr/include/libpng12 -I/usr/include/gdk-pixbuf-2.0 -I/usr/include/libpng12 -I/usr/include/glib-2.0 -I/usr/lib/x86_64-linux-gnu/glib-2.0/include '
GTK_LIBS='-lgtk-3 -lgdk-3 -lpangocairo-1.0 -lpango-1.0 -latk-1.0 -lcairo-gobject -lcairo -lgdk_pixbuf-2.0 -lgio-2.0 -lgobject-2.0 -lglib-2.0 '
IFAST_DATA_DIR='/usr/local/share/smartstreetlight'
INSTALL_DATA='${INSTALL} -m 644'
INSTALL_PROGRAM='${INSTALL}'
INSTALL_SCRIPT='${INSTALL}'
INSTALL_STRIP_PROGRAM='$(install_sh) -c -s'
INSTOBJEXT='.mo'
INTLLIBS=''
INTLTOOL_CAVES_RULE='%.caves:     %.caves.in     $(INTLTOOL_MERGE) $(wildcard $(top_srcdir)/po/*.po) ; $(INTLTOOL_V_MERGE)LC_ALL=C $(INTLTOOL_MERGE) $(INTLTOOL_V_MERGE_OPTIONS) -d -u -c $(top_builddir)/po/.intltool-merge-cache $(top_srcdir)/po $< $@'
INTLTOOL_DESKTOP_RULE='%.desktop:   %.desktop.in   $(INTLTOOL_MERGE) $(wildcard $(top_srcdir)/po/*.po) ; $(INTLTOOL_V_MERGE)LC_ALL=C $(INTLTOOL_MERGE) $(INTLTOOL_V_MERGE_OPTIONS) -d -u -c $(top_builddir)/po/.intltool-merge-cache $(top_srcdir)/po $< $@'
INTLTOOL_DIRECTORY_RULE='%.directory: %.directory.in $(INTLTOOL_MERGE) $(wildcard $(top_srcdir)/po/*.po) ; $(INTLTOOL_V_MERGE)LC_ALL=C $(INTLTOOL_MERGE) $(INTLTOOL_V_MERGE_OPTIONS) -d -u -c $(top_builddir)/po/.intltool-merge-cache $(top_srcdir)/po $< $@'
INTLTOOL_EXTRACT='/usr/bin/intltool-extract'
INTLTOOL_KBD_RULE='%.kbd:       %.kbd.in       $(INTLTOOL_MERGE) $(wildcard $(top_srcdir)/po/*.po) ; $(INTLTOOL_V_MERGE)LC_ALL=C $(INTLTOOL_MERGE) $(INTLTOOL_V_MERGE_OPTIONS) -x -u -m -c $(top_builddir)/po/.intltool-merge-cache $(top_srcdir)/po $< $@'
INTLTOOL_KEYS_RULE='%.keys:      %.keys.in      $(INTLTOOL_MERGE) $(wildcard $(top_srcdir)/po/*.po) ; $(INTLTOOL_V_MERGE)LC_ALL=C $(INTLTOOL_MERGE) $(INTLTOOL_V_MERGE_OPTIONS) -k -u -c $(top_builddir)/po/.intltool-merge-cache $(top_srcdir)/po $< $@'
INTLTOOL_MERGE='/usr/bin/intltool-merge'
INTLTOOL_OAF_RULE='%.oaf:       %.oaf.in       $(INTLTOOL_MERGE) $(wildcard $(top_srcdir)/po/*.po) ; $(INTLTOOL_V_MERGE)LC_ALL=C $(INTLTOOL_MERGE) $(INTLTOOL_V_MERGE_OPTIONS) -o -p $(top_srcdir)/po $< $@'
INTLTOOL_PERL='/usr/bin/perl'
INTLTOOL_POLICY_RULE='%.policy:    %.policy.in    $(INTLTOOL_MERGE) $(wildcard $(top_srcdir)/po/*.po) ; $(INTLTOOL_V_MERGE)LC_ALL=C $(INTLTOOL_MERGE) $(INTLTOOL_V_MERGE_OPTIONS) -x -u -c $(top_builddir)/po/.intltool-merge-cache $(top_srcdir)/po $< $@'
INTLTOOL_PONG_RULE='%.pong:      %.pong.in      $(INTLTOOL_MERGE) $(wildcard $(top_srcdir)/po/*.po) ; $(INTLTOOL_V_MERGE)LC_ALL=C $(INTLTOOL_MERGE) $(INTLTOOL_V_MERGE_OPTIONS) -x -u -c $(top_builddir)/po/.intltool-merge-cache $(top_srcdir)/po $< $@'
INTLTOOL_PROP_RULE='%.prop:      %.prop.in      $(INTLTOOL_MERGE) $(wildcard $(top_srcdir)/po/*.po) ; $(INTLTOOL_V_MERGE)LC_ALL=C $(INTLTOOL_MERGE) $(INTLTOOL_V_MERGE_OPTIONS) -d -u -c $(top_builddir)/po/.intltool-merge-cache $(top_srcdir)/po $< $@'
INTLTOOL_SCHEMAS_RULE='%.schemas:   %.schemas.in   $(INTLTOOL_MERGE) $(wildcard $(top_srcdir)/po/*.po) ; $(INTLTOOL_V_MERGE)LC_ALL=C $(INTLTOOL_MERGE) $(INTLTOOL_V_MERGE_OPTIONS) -s -u -c $(top_builddir)/po/.intltool-merge-cache $(top_srcdir)/po $< $@'
INTLTOOL_SERVER_RULE='%.server:    %.server.in    $(INTLTOOL_MERGE) $(wildcard $(top_srcdir)/po/*.po) ; $(INTLTOOL_V_MERGE)LC_ALL=C $(INTLTOOL_MERGE) $(INTLTOOL_V_MERGE_OPTIONS) -o -u -c $(top_builddir)/po/.intltool-merge-cache $(top_srcdir)/po $< $@'
INTLTOOL_SERVICE_RULE='%.service: %.service.in   $(INTLTOOL_MERGE) $(wildcard $(top_srcdir)/po/*.po) ; $(INTLTOOL_V_MERGE)LC_ALL=C $(INTLTOOL_MERGE) $(INTLTOOL_V_MERGE_OPTIONS) -d -u -c $(top_builddir)/po/.intltool-merge-cache $(top_srcdir)/po $< $@'
INTLTOOL_SHEET_RULE='%.sheet:     %.sheet.in     $(INTLTOOL_MERGE) $(wildcard $(top_srcdir)/po/*.po) ; $(INTLTOOL_V_MERGE)LC_ALL=C $(INTLTOOL_MERGE) $(INTLTOOL_V_MERGE_OPTIONS) -x -u -c $(top_builddir)/po/.intltool-merge-cache $(top_srcdir)/po $< $@'
INTLTOOL_SOUNDLIST_RULE='%.soundlist: %.soundlist.in $(INTLTOOL_MERGE) $(wildcard $(top_srcdir)/po/*.po) ; $(INTLTOOL_V_MERGE)LC_ALL=C $(INTLTOOL_MERGE) $(INTLTOOL_V_MERGE_OPTIONS) -d -u -c $(top_builddir)/po/.intltool-merge-cache $(top_srcdir)/po $< $@'
INTLTOOL_THEME_RULE='%.theme:     %.theme.in     $(INTLTOOL_MERGE) $(wildcard $(top_srcdir)/po/*.po) ; $(INTLTOOL_V_MERGE)LC_ALL=C $(INTLTOOL_MERGE) $(INTLTOOL_V_MERGE_OPTIONS) -d -u -c $(top_builddir)/po/.intltool-merge-cache $(top_srcdir)/po $< $@'
INTLTOOL_UI_RULE='%.ui:        %.ui.in        $(INTLTOOL_MERGE) $(wildcard $(top_srcdir)/po/*.po) ; $(INTLTOOL_V_MERGE)LC_ALL=C $(INTLTOOL_MERGE) $(INTLTOOL_V_MERGE_OPTIONS) -x -u -c $(top_builddir)/po/.intltool-merge-cache $(top_srcdir)/po $< $@'
INTLTOOL_UPDATE='/usr/bin/intltool-update'
INTLTOOL_V_MERGE='$(INTLTOOL__v_MERGE_$(V))'
INTLTOOL_V_MERGE_OPTIONS='$(intltool__v_merge_options_$(V))'
INTLTOOL_XAM_RULE='%.xam:       %.xml.in       $(INTLTOOL_MERGE) $(wildcard $(top_srcdir)/po/*.po) ; $(INTLTOOL_V_MERGE)LC_ALL=C $(INTLTOOL_MERGE) $(INTLTOOL_V_MERGE_OPTIONS) -x -u -c $(top_builddir)/po/.intltool-merge-cache $(top_srcdir)/po $< $@'
INTLTOOL_XML_NOMERGE_RULE='%.xml:       %.xml.in       $(INTLTOOL_MERGE) ; $(INTLTOOL_V_MERGE)LC_ALL=C $(INTLTOOL_MERGE) $(INTLTOOL_V_MERGE_OPTIONS) -x -u --no-translations $< $@'
INTLTOOL_XML_RULE='%.xml:       %.xml.in       $(INTLTOOL_MERGE) $(wildcard $(top_srcdir)/po/*.po) ; $(INTLTOOL_V_MERGE)LC_ALL=C $(INTLTOOL_MERGE) $(INTLTOOL_V_MERGE_OPTIONS) -x -u -c $(top_builddir)/po/.intltool-merge-cache $(top_srcdir)/po $< $@'
INTLTOOL__v_MERGE_0='@echo "  ITMRG " $@;'
INTLTOOL__v_MERGE_='$(INTLTOOL__v_MERGE_$(AM_DEFAULT_VERBOSITY))'
LD='/usr/bin/ld -m elf_x86_64'
LDFLAGS=''
LIBOBJS=''
LIBS=''
LIBTOOL='$(SHELL) $(top_builddir)/libtool --silent'
LIPO=''
LN_S='ln -s'
LTLIBOBJS=''
MAKEINFO='makeinfo'
MANIFEST_TOOL=':'
MINGW_FALSE=''
MINGW_TRUE='#'
MKDIR_P='/bin/mkdir -p'
MKINSTALLDIRS='../mkinstalldirs'
MSGFMT='/usr/bin/msgfmt'
MSGFMT_OPTS='-c'
MSGMERGE='/usr/bin/msgmerge'
NM='/usr/bin/nm -B'
NMEDIT=''
OBJDUMP='objdump'
OBJEXT='o'
OTOOL64=''
OTOOL=''
PACKAGE='smartpubliclight'
PACKAGE_BUGREPORT=''
PACKAGE_NAME='SmartPublicLight'
PACKAGE_STRING='SmartPublicLight 2.0.1'
PACKAGE_TARNAME='smartpubliclight'
PACKAGE_URL=''
PACKAGE_VERSION='2.0.1'
PATH_SEPARATOR=':'
PKG_CONFIG='/usr/bin/pkg-config'
PKG_CONFIG_LIBDIR=''
PKG_CONFIG_PATH=''
PLUGINS_FALSE='#'
PLUGINS_TRUE=''
POFILES=''
POSUB='po'
PO_IN_DATADIR_FALSE=''
PO_IN_DATADIR_TRUE=''
RANLIB='ranlib'
SED='/bin/sed'
SET_MAKE=''
SHELL='/bin/bash'
SOAP_CPP='../../resource/gsoap-2.8/gsoap/bin/linux386//soapcpp2'
SOUP24_CFLAGS='-pthread -I/usr/include/libsoup-2.4 -I/usr/include/libxml2 -I/usr/include/glib-2.0 -I/usr/lib/x86_64-linux-gnu/glib-2.0/include '
SOUP24_LIBS='-lsoup-2.4 -lgio-2.0 -lgobject-2.0 -lglib-2.0 '
STRIP='strip'
USE_INCLUDED_REGEX_FALSE=''
USE_INCLUDED_REGEX_TRUE='#'
USE_NLS='yes'
VERSION='2.0.1'
WEBSERVICE='http://aliendb1.cern.ch:6004/axis/services/MLWebService'
XGETTEXT='/usr/bin/xgettext'
XML2_CONFIG='/usr/bin/xml2-config'
XML2_LIBS=' -lxml2'
ac_ct_AR='ar'
ac_ct_CC='gcc'
ac_ct_CXX='g++'
ac_ct_DUMPBIN=''
am__EXEEXT_FALSE=''
am__EXEEXT_TRUE='#'
am__fastdepCC_FALSE='#'
am__fastdepCC_TRUE=''
am__fastdepCXX_FALSE='#'
am__fastdepCXX_TRUE=''
am__include='include'
am__isrc=' -I$(srcdir)'
am__leading_dot='.'
am__nodep='_no'
am__quote=''
am__tar='$${TAR-tar} chof - "$$tardir"'
am__untar='$${TAR-tar} xf -'
bindir='${exec_prefix}/bin'
build='x86_64-unknown-linux-gnu'
build_alias=''
build_cpu='x86_64'
build_os='linux-gnu'
build_vendor='unknown'
datadir='${datarootdir}'
datarootdir='${prefix}/share'
docdir='${datarootdir}/doc/${PACKAGE_TARNAME}'
dvidir='${docdir}'
exec_prefix='${prefix}'
host='x86_64-unknown-linux-gnu'
host_alias=''
host_cpu='x86_64'
host_os='linux-gnu'
host_vendor='unknown'
htmldir='${docdir}'
includedir='${prefix}/include'
infodir='${datarootdir}/info'
install_sh='${SHELL} /media/data/JOBS/spl/SmartStreetLight/install-sh'
intltool__v_merge_options_0='-q'
intltool__v_merge_options_='$(intltool__v_merge_options_$(AM_DEFAULT_VERBOSITY))'
libdir='${exec_prefix}/lib'
libexecdir='${exec_prefix}/libexec'
localedir='${datarootdir}/locale'
localstatedir='${prefix}/var'
mandir='${datarootdir}/man'
mkdir_p='$(MKDIR_P)'
oldincludedir='/usr/include'
pdfdir='${docdir}'
prefix='/usr/local'
program_transform_name='s,x,x,'
psdir='${docdir}'
sbindir='${exec_prefix}/sbin'
sharedstatedir='${prefix}/com'
sysconfdir='${prefix}/etc'
target_alias=''

## ----------- ##
## confdefs.h. ##
## ----------- ##

/* confdefs.h */
#define PACKAGE_NAME "SmartPublicLight"
#define PACKAGE_TARNAME "smartpubliclight"
#define PACKAGE_VERSION "2.0.1"
#define PACKAGE_STRING "SmartPublicLight 2.0.1"
#define PACKAGE_BUGREPORT ""
#define PACKAGE_URL ""
#define PACKAGE "smartpubliclight"
#define VERSION "2.0.1"
#define STDC_HEADERS 1
#define HAVE_SYS_TYPES_H 1
#define HAVE_SYS_STAT_H 1
#define HAVE_STDLIB_H 1
#define HAVE_STRING_H 1
#define HAVE_MEMORY_H 1
#define HAVE_STRINGS_H 1
#define HAVE_INTTYPES_H 1
#define HAVE_STDINT_H 1
#define HAVE_UNISTD_H 1
#define __EXTENSIONS__ 1
#define _ALL_SOURCE 1
#define _GNU_SOURCE 1
#define _POSIX_PTHREAD_SEMANTICS 1
#define _TANDEM_SOURCE 1
#define HAVE_DLFCN_H 1
#define LT_OBJDIR ".libs/"
#define HAVE_FCNTL_H 1
#define HAVE_FNMATCH_H 1
#define HAVE_GLOB_H 1
#define HAVE_REGEX_H 1
#define HAVE_STDLIB_H 1
#define HAVE_SYS_TIME_H 1
#define HAVE_GETHOSTNAME 1
#define HAVE_FTRUNCATE 1
#define HAVE_FGETPOS 1
#define HAVE_MKSTEMP 1
#define HAVE_STRERROR 1
#define HAVE_STRSTR 1
#define REVISION "r0"
#define HAVE_PLUGINS 1
#define HAVE_REGCOMP 1
#define HAVE_SOCKET 1
#define GETTEXT_PACKAGE "smartstreetlight"
#define HAVE_LOCALE_H 1
#define HAVE_LC_MESSAGES 1
#define HAVE_BIND_TEXTDOMAIN_CODESET 1
#define HAVE_GETTEXT 1
#define HAVE_DCGETTEXT 1
#define ENABLE_NLS 1

configure: exit 0

## ---------------------- ##
## Running config.status. ##
## ---------------------- ##

This file was extended by SmartPublicLight config.status 2.0.1, which was
generated by GNU Autoconf 2.69.  Invocation command line was

  CONFIG_FILES    = 
  CONFIG_HEADERS  = 
  CONFIG_LINKS    = 
  CONFIG_COMMANDS = 
  $ ./config.status 

on debian

config.status:1288: creating Makefile
config.status:1288: creating gtkdatabox/Makefile
config.status:1288: creating src/Makefile
config.status:1288: creating src/gsoap/Makefile
config.status:1288: creating po/Makefile.in
config.status:1288: creating smartstreetlight.spec
config.status:1288: creating smartstreetlight.pc
config.status:1288: creating icons/Makefile
config.status:1288: creating icons/32x32/Makefile
config.status:1288: creating icons/16x16/Makefile
config.status:1288: creating icons/light/Makefile
config.status:1288: creating config.h
config.status:1454: config.h is unchanged
config.status:1502: executing depfiles commands
config.status:1502: executing libtool commands
config.status:1502: executing default-1 commands
config.status:1502: executing po/stamp-it commands

## ---------------------- ##
## Running config.status. ##
## ---------------------- ##

This file was extended by SmartPublicLight config.status 2.0.1, which was
generated by GNU Autoconf 2.69.  Invocation command line was

  CONFIG_FILES    = 
  CONFIG_HEADERS  = 
  CONFIG_LINKS    = 
  CONFIG_COMMANDS = 
  $ ./config.status config.h

on debian

config.status:1288: creating config.h
config.status:1454: config.h is unchanged
